[P0] [MATCHMAKER] Polling quorum status. Waiting for 'locked'...
[P1] > [STUN] Querying external NAT edges at 138.199.152.240:3478...
[P1] [STUN] Discovery successful. External mapped endpoint: 176.1.248.254:8025
[P1] > [MATCHMAKER] Joining Lobby: C9FD
[P1] [MATCHMAKER] Polling quorum status. Waiting for 'locked'...
[P2] > [STUN] Querying external NAT edges at 138.199.152.240:3478...
[P2] [STUN] Discovery successful. External mapped endpoint: 176.1.248.254:7849
[P2] > [MATCHMAKER] Joining Lobby: C9FD
[P2] [MATCHMAKER] Polling quorum status. Waiting for 'locked'...
[P3] > [STUN] Querying external NAT edges at 138.199.152.240:3478...
[P3] [STUN] Discovery successful. External mapped endpoint: 176.1.248.254:7850
[P3] > [MATCHMAKER] Joining Lobby: C9FD
[P3] [MATCHMAKER] Polling quorum status. Waiting for 'locked'...
[P1] [MATCHMAKER] Quorum reached (8/8). Lobby is LOCKED.
[P1] [SYSTEM] Assigning Identity: Node 1. Meshing topology...
[P1] [ICE] Node 0 is local loopback. P2P bypassed.
[P1] [ICE] Node 2 is local loopback. P2P bypassed.
[P1] [ICE] Node 3 is local loopback. P2P bypassed.
[P1] [ICE] Quorum locked. Blasting P2P tokens for 4.95 seconds...
[P0] [MATCHMAKER] Quorum reached (8/8). Lobby is LOCKED.
[P0] [SYSTEM] Assigning Identity: Node 0. Meshing topology...
[P0] [ICE] Node 1 is local loopback. P2P bypassed.
[P0] [ICE] Node 2 is local loopback. P2P bypassed.
[P0] [ICE] Node 3 is local loopback. P2P bypassed.
[P0] [ICE] Quorum locked. Blasting P2P tokens for 4.84 seconds...
[P2] [MATCHMAKER] Quorum reached (8/8). Lobby is LOCKED.
[P2] [SYSTEM] Assigning Identity: Node 2. Meshing topology...
[P2] [ICE] Node 0 is local loopback. P2P bypassed.
[P2] [ICE] Node 1 is local loopback. P2P bypassed.
[P2] [ICE] Node 3 is local loopback. P2P bypassed.
[P2] [ICE] Quorum locked. Blasting P2P tokens for 4.72 seconds...
[P3] [MATCHMAKER] Quorum reached (8/8). Lobby is LOCKED.
[P3] [SYSTEM] Assigning Identity: Node 3. Meshing topology...
[P3] [ICE] Node 0 is local loopback. P2P bypassed.
[P3] [ICE] Node 1 is local loopback. P2P bypassed.
[P3] [ICE] Node 2 is local loopback. P2P bypassed.
[P3] [ICE] Quorum locked. Blasting P2P tokens for 4.46 seconds...
[P0] [ICE] Sync window closed. Evaluating routing topologies...
[P0] [ROUTING] Node 1 -> P2P [DIRECT RESIDENTIAL]
[P0] [ROUTING] Node 2 -> P2P [DIRECT RESIDENTIAL]
[P0] [ROUTING] Node 3 -> P2P [DIRECT RESIDENTIAL]
[P0] [ROUTING] Node 4 -> P2P [FAILED]. Falling back to Hetzner Relay.
[P0] [ROUTING] Node 5 -> P2P [FAILED]. Falling back to Hetzner Relay.
[P0] [ROUTING] Node 6 -> P2P [FAILED]. Falling back to Hetzner Relay.
[P0] [ROUTING] Node 7 -> P2P [FAILED]. Falling back to Hetzner Relay.
[P0] [SYSTEM] All routes bound. Drop-in complete.
[P0] [SYSTEM] Topology Locked. Sleeping 4.84 seconds for global sync...
[P2] [ICE] Sync window closed. Evaluating routing topologies...
[P2] [ROUTING] Node 0 -> P2P [DIRECT RESIDENTIAL]
[P2] [ROUTING] Node 1 -> P2P [DIRECT RESIDENTIAL]
[P2] [ROUTING] Node 3 -> P2P [DIRECT RESIDENTIAL]
[P2] [ROUTING] Node 4 -> P2P [FAILED]. Falling back to Hetzner Relay.
[P2] [ROUTING] Node 5 -> P2P [FAILED]. Falling back to Hetzner Relay.
[P2] [ROUTING] Node 6 -> P2P [FAILED]. Falling back to Hetzner Relay.
[P2] [ROUTING] Node 7 -> P2P [FAILED]. Falling back to Hetzner Relay.
[P2] [SYSTEM] All routes bound. Drop-in complete.
[P2] [SYSTEM] Topology Locked. Sleeping 4.72 seconds for global sync...
[P3] [ICE] Sync window closed. Evaluating routing topologies...
[P3] [ROUTING] Node 0 -> P2P [DIRECT RESIDENTIAL]
[P3] [ROUTING] Node 1 -> P2P [DIRECT RESIDENTIAL]
[P3] [ROUTING] Node 2 -> P2P [DIRECT RESIDENTIAL]
[P3] [ROUTING] Node 4 -> P2P [FAILED]. Falling back to Hetzner Relay.
[P3] [ROUTING] Node 5 -> P2P [FAILED]. Falling back to Hetzner Relay.
[P3] [ROUTING] Node 6 -> P2P [FAILED]. Falling back to Hetzner Relay.
[P3] [ROUTING] Node 7 -> P2P [FAILED]. Falling back to Hetzner Relay.
[P3] [SYSTEM] All routes bound. Drop-in complete.
[P3] [SYSTEM] Topology Locked. Sleeping 4.46 seconds for global sync...
[P1] [ICE] Sync window closed. Evaluating routing topologies...
[P1] [ROUTING] Node 0 -> P2P [DIRECT RESIDENTIAL]
[P1] [ROUTING] Node 2 -> P2P [DIRECT RESIDENTIAL]
[P1] [ROUTING] Node 3 -> P2P [DIRECT RESIDENTIAL]
[P1] [ROUTING] Node 4 -> P2P [FAILED]. Falling back to Hetzner Relay.
[P1] [ROUTING] Node 5 -> P2P [FAILED]. Falling back to Hetzner Relay.
[P1] [ROUTING] Node 6 -> P2P [FAILED]. Falling back to Hetzner Relay.
[P1] [ROUTING] Node 7 -> P2P [FAILED]. Falling back to Hetzner Relay.
[P1] [SYSTEM] All routes bound. Drop-in complete.
[P1] [SYSTEM] Topology Locked. Sleeping 4.95 seconds for global sync...
[P3] [SYSTEM] Drop-in complete. Entering pristine FSM loop.
[P2] [SYSTEM] Drop-in complete. Entering pristine FSM loop.
[P0] [SYSTEM] Drop-in complete. Entering pristine FSM loop.
[P1] [SYSTEM] Drop-in complete. Entering pristine FSM loop.
[P3] [DIAGNOSTIC] Peer Ticks: P0:38 P1:29 P2:45 P4:4 P5:19 P6:32 P7:9 
[P3] [HEARTBEAT] SimTick: 61 | NetHead: 60 | Confirmed: 4 | Missing: 57 | StateHash: 0xA11913F9
[P2] [DIAGNOSTIC] Peer Ticks: P0:53 P1:43 P3:74 P4:22 P5:33 P6:45 P7:27 
[P2] [HEARTBEAT] SimTick: 61 | NetHead: 60 | Confirmed: 22 | Missing: 39 | StateHash: 0xA11913F9
[P0] [DIAGNOSTIC] Peer Ticks: P1:50 P2:66 P3:81 P4:27 P5:42 P6:54 P7:32 
[P0] [HEARTBEAT] SimTick: 61 | NetHead: 60 | Confirmed: 27 | Missing: 34 | StateHash: 0xA11913F9
[P1] [DIAGNOSTIC] Peer Ticks: P0:69 P2:76 P3:91 P4:36 P5:51 P6:64 P7:41 
[P1] [HEARTBEAT] SimTick: 61 | NetHead: 60 | Confirmed: 36 | Missing: 25 | StateHash: 0xD7164C3F
[P3] [DIAGNOSTIC] Peer Ticks: P0:98 P1:89 P2:105 P4:59 P5:80 P6:87 P7:69 
[P3] [HEARTBEAT] SimTick: 121 | NetHead: 120 | Confirmed: 59 | Missing: 62 | StateHash: 0x1315E907
[P2] [DIAGNOSTIC] Peer Ticks: P0:113 P1:103 P3:134 P4:79 P5:94 P6:106 P7:84 
[P2] [HEARTBEAT] SimTick: 121 | NetHead: 120 | Confirmed: 79 | Missing: 42 | StateHash: 0x9D3FD328
[P0] [DIAGNOSTIC] Peer Ticks: P1:110 P2:126 P3:141 P4:83 P5:99 P6:111 P7:88 
[P0] [HEARTBEAT] SimTick: 121 | NetHead: 120 | Confirmed: 83 | Missing: 38 | StateHash: 0xECC76E50
[P1] [DIAGNOSTIC] Peer Ticks: P0:129 P2:136 P3:151 P4:95 P5:110 P6:122 P7:100 
[P1] [HEARTBEAT] SimTick: 121 | NetHead: 120 | Confirmed: 95 | Missing: 26 | StateHash: 0xECC76E50
[P3] [DIAGNOSTIC] Peer Ticks: P0:158 P1:149 P2:165 P4:122 P5:137 P6:135 P7:127 
[P3] [HEARTBEAT] SimTick: 181 | NetHead: 180 | Confirmed: 122 | Missing: 59 | StateHash: 0xBF0E5DA8
[P2] [DIAGNOSTIC] Peer Ticks: P0:173 P1:164 P3:195 P4:122 P5:156 P6:135 P7:145 
[P2] [HEARTBEAT] SimTick: 181 | NetHead: 180 | Confirmed: 122 | Missing: 59 | StateHash: 0xBF0E5DA8
[P0] [DIAGNOSTIC] Peer Ticks: P1:170 P2:186 P3:201 P4:122 P5:161 P6:135 P7:150 
[P0] [HEARTBEAT] SimTick: 181 | NetHead: 180 | Confirmed: 122 | Missing: 59 | StateHash: 0xBF0E5DA8
[P1] [DIAGNOSTIC] Peer Ticks: P0:189 P2:196 P3:209 P4:122 P5:171 P6:135 P7:160 
[P1] [HEARTBEAT] SimTick: 181 | NetHead: 180 | Confirmed: 122 | Missing: 59 | StateHash: 0x7DADB4B9
[P3] [DIAGNOSTIC] Peer Ticks: P0:209 P1:209 P2:209 P4:122 P5:199 P6:135 P7:188 
[P3] [HEARTBEAT] SimTick: 210 | NetHead: 209 | Confirmed: 122 | Missing: 88 | StateHash: 0x7DADB4B9
[P2] [DIAGNOSTIC] Peer Ticks: P0:209 P1:209 P3:209 P4:122 P5:205 P6:135 P7:203 
[P2] [HEARTBEAT] SimTick: 210 | NetHead: 209 | Confirmed: 122 | Missing: 88 | StateHash: 0x7DADB4B9
[P0] [DIAGNOSTIC] Peer Ticks: P1:209 P2:209 P3:209 P4:122 P5:205 P6:135 P7:205 
[P0] [HEARTBEAT] SimTick: 210 | NetHead: 209 | Confirmed: 122 | Missing: 88 | StateHash: 0x7DADB4B9
[P1] [DIAGNOSTIC] Peer Ticks: P0:209 P2:209 P3:209 P4:122 P5:205 P6:135 P7:205 
[P1] [HEARTBEAT] SimTick: 210 | NetHead: 209 | Confirmed: 122 | Missing: 88 | StateHash: 0x7DADB4B9
[P3] [DIAGNOSTIC] Peer Ticks: P0:209 P1:209 P2:209 P4:122 P5:205 P6:135 P7:205 
[P3] [HEARTBEAT] SimTick: 210 | NetHead: 209 | Confirmed: 122 | Missing: 88 | StateHash: 0x7DADB4B9
[P2] [DIAGNOSTIC] Peer Ticks: P0:209 P1:209 P3:209 P4:122 P5:205 P6:135 P7:205 
[P2] [HEARTBEAT] SimTick: 210 | NetHead: 209 | Confirmed: 122 | Missing: 88 | StateHash: 0x7DADB4B9
[P0] [DIAGNOSTIC] Peer Ticks: P1:209 P2:209 P3:209 P4:122 P5:205 P6:135 P7:205 
[P0] [HEARTBEAT] SimTick: 210 | NetHead: 209 | Confirmed: 122 | Missing: 88 | StateHash: 0x7DADB4B9
[P1] [DIAGNOSTIC] Peer Ticks: P0:209 P2:209 P3:209 P4:122 P5:205 P6:135 P7:205 
[P1] [HEARTBEAT] SimTick: 210 | NetHead: 209 | Confirmed: 122 | Missing: 88 | StateHash: 0x7DADB4B9
[P3] [DIAGNOSTIC] Peer Ticks: P0:209 P1:209 P2:209 P4:122 P5:205 P6:135 P7:205 
[P3] [HEARTBEAT] SimTick: 210 | NetHead: 209 | Confirmed: 122 | Missing: 88 | StateHash: 0x7DADB4B9
[P2] [DIAGNOSTIC] Peer Ticks: P0:209 P1:209 P3:209 P4:122 P5:205 P6:135 P7:205 
[P2] [HEARTBEAT] SimTick: 210 | NetHead: 209 | Confirmed: 122 | Missing: 88 | StateHash: 0x7DADB4B9
[P0] [DIAGNOSTIC] Peer Ticks: P1:209 P2:209 P3:209 P4:122 P5:205 P6:135 P7:205 
[P0] [HEARTBEAT] SimTick: 210 | NetHead: 209 | Confirmed: 122 | Missing: 88 | StateHash: 0x7DADB4B9
[P1] [DIAGNOSTIC] Peer Ticks: P0:209 P2:209 P3:209 P4:122 P5:205 P6:135 P7:205 
[P1] [HEARTBEAT] SimTick: 210 | NetHead: 209 | Confirmed: 122 | Missing: 88 | StateHash: 0x7DADB4B9
[P3] [DIAGNOSTIC] Peer Ticks: P0:209 P1:209 P2:209 P4:122 P5:205 P6:135 P7:205 
[P3] [HEARTBEAT] SimTick: 210 | NetHead: 209 | Confirmed: 122 | Missing: 88 | StateHash: 0x7DADB4B9
[P2] [DIAGNOSTIC] Peer Ticks: P0:209 P1:209 P3:209 P4:122 P5:205 P6:135 P7:205 
[P2] [HEARTBEAT] SimTick: 210 | NetHead: 209 | Confirmed: 122 | Missing: 88 | StateHash: 0x7DADB4B9
[P0] [DIAGNOSTIC] Peer Ticks: P1:209 P2:209 P3:209 P4:122 P5:205 P6:135 P7:205 
[P0] [HEARTBEAT] SimTick: 210 | NetHead: 209 | Confirmed: 122 | Missing: 88 | StateHash: 0x7DADB4B9
[P1] [DIAGNOSTIC] Peer Ticks: P0:209 P2:209 P3:209 P4:122 P5:205 P6:135 P7:205 
[P1] [HEARTBEAT] SimTick: 210 | NetHead: 209 | Confirmed: 122 | Missing: 88 | StateHash: 0x7DADB4B9
[P3] [DIAGNOSTIC] Peer Ticks: P0:209 P1:209 P2:209 P4:122 P5:205 P6:135 P7:205 
[P3] [HEARTBEAT] SimTick: 210 | NetHead: 209 | Confirmed: 122 | Missing: 88 | StateHash: 0x7DADB4B9
[P2] [DIAGNOSTIC] Peer Ticks: P0:209 P1:209 P3:209 P4:122 P5:205 P6:135 P7:205 
[P2] [HEARTBEAT] SimTick: 210 | NetHead: 209 | Confirmed: 122 | Missing: 88 | StateHash: 0x7DADB4B9
[P0] [DIAGNOSTIC] Peer Ticks: P1:209 P2:209 P3:209 P4:122 P5:205 P6:135 P7:205 
[P0] [HEARTBEAT] SimTick: 210 | NetHead: 209 | Confirmed: 122 | Missing: 88 | StateHash: 0x7DADB4B9
[P1] [DIAGNOSTIC] Peer Ticks: P0:209 P2:209 P3:209 P4:122 P5:205 P6:135 P7:205 
[P1] [HEARTBEAT] SimTick: 210 | NetHead: 209 | Confirmed: 122 | Missing: 88 | StateHash: 0x7DADB4B9
[P3] [DIAGNOSTIC] Peer Ticks: P0:209 P1:209 P2:209 P4:122 P5:205 P6:135 P7:205 
[P3] [HEARTBEAT] SimTick: 210 | NetHead: 209 | Confirmed: 122 | Missing: 88 | StateHash: 0x7DADB4B9
[P2] [DIAGNOSTIC] Peer Ticks: P0:209 P1:209 P3:209 P4:122 P5:205 P6:135 P7:205 
[P2] [HEARTBEAT] SimTick: 210 | NetHead: 209 | Confirmed: 122 | Missing: 88 | StateHash: 0x7DADB4B9
[P0] [DIAGNOSTIC] Peer Ticks: P1:209 P2:209 P3:209 P4:122 P5:205 P6:135 P7:205 
[P0] [HEARTBEAT] SimTick: 210 | NetHead: 209 | Confirmed: 122 | Missing: 88 | StateHash: 0x7DADB4B9
[P1] [DIAGNOSTIC] Peer Ticks: P0:209 P2:209 P3:209 P4:122 P5:205 P6:135 P7:205 
[P1] [HEARTBEAT] SimTick: 210 | NetHead: 209 | Confirmed: 122 | Missing: 88 | StateHash: 0x7DADB4B9
[P3] [DIAGNOSTIC] Peer Ticks: P0:209 P1:209 P2:209 P4:122 P5:205 P6:135 P7:205 
[P3] [HEARTBEAT] SimTick: 210 | NetHead: 209 | Confirmed: 122 | Missing: 88 | StateHash: 0x7DADB4B9
[P2] [DIAGNOSTIC] Peer Ticks: P0:209 P1:209 P3:209 P4:122 P5:205 P6:135 P7:205 
[P2] [HEARTBEAT] SimTick: 210 | NetHead: 209 | Confirmed: 122 | Missing: 88 | StateHash: 0x7DADB4B9
[P0] [DIAGNOSTIC] Peer Ticks: P1:209 P2:209 P3:209 P4:122 P5:205 P6:135 P7:205 
[P0] [HEARTBEAT] SimTick: 210 | NetHead: 209 | Confirmed: 122 | Missing: 88 | StateHash: 0x7DADB4B9
[P1] [DIAGNOSTIC] Peer Ticks: P0:209 P2:209 P3:209 P4:122 P5:205 P6:135 P7:205 
[P1] [HEARTBEAT] SimTick: 210 | NetHead: 209 | Confirmed: 122 | Missing: 88 | StateHash: 0x7DADB4B9
[P3] [DIAGNOSTIC] Peer Ticks: P0:209 P1:209 P2:209 P4:122 P5:205 P6:135 P7:205 
[P3] [HEARTBEAT] SimTick: 210 | NetHead: 209 | Confirmed: 122 | Missing: 88 | StateHash: 0x7DADB4B9
[P2] [DIAGNOSTIC] Peer Ticks: P0:209 P1:209 P3:209 P4:122 P5:205 P6:135 P7:205 
[P2] [HEARTBEAT] SimTick: 210 | NetHead: 209 | Confirmed: 122 | Missing: 88 | StateHash: 0x7DADB4B9
[P0] [DIAGNOSTIC] Peer Ticks: P1:209 P2:209 P3:209 P4:122 P5:205 P6:135 P7:205 
[P0] [HEARTBEAT] SimTick: 210 | NetHead: 209 | Confirmed: 122 | Missing: 88 | StateHash: 0x7DADB4B9
[P1] [DIAGNOSTIC] Peer Ticks: P0:209 P2:209 P3:209 P4:122 P5:205 P6:135 P7:205 
[P1] [HEARTBEAT] SimTick: 210 | NetHead: 209 | Confirmed: 122 | Missing: 88 | StateHash: 0x7DADB4B9
[P3] [DIAGNOSTIC] Peer Ticks: P0:209 P1:209 P2:209 P4:122 P5:205 P6:135 P7:205 
[P3] [HEARTBEAT] SimTick: 210 | NetHead: 209 | Confirmed: 122 | Missing: 88 | StateHash: 0x7DADB4B9
[P2] [DIAGNOSTIC] Peer Ticks: P0:209 P1:209 P3:209 P4:122 P5:205 P6:135 P7:205 
[P2] [HEARTBEAT] SimTick: 210 | NetHead: 209 | Confirmed: 122 | Missing: 88 | StateHash: 0x7DADB4B9
[P0] [DIAGNOSTIC] Peer Ticks: P1:209 P2:209 P3:209 P4:122 P5:205 P6:135 P7:205 
[P0] [HEARTBEAT] SimTick: 210 | NetHead: 209 | Confirmed: 122 | Missing: 88 | StateHash: 0x7DADB4B9
[P1] [DIAGNOSTIC] Peer Ticks: P0:209 P2:209 P3:209 P4:122 P5:205 P6:135 P7:205 
[P1] [HEARTBEAT] SimTick: 210 | NetHead: 209 | Confirmed: 122 | Missing: 88 | StateHash: 0x7DADB4B9
[P3] [DIAGNOSTIC] Peer Ticks: P0:209 P1:209 P2:209 P4:122 P5:205 P6:135 P7:205 
[P3] [HEARTBEAT] SimTick: 210 | NetHead: 209 | Confirmed: 122 | Missing: 88 | StateHash: 0x7DADB4B9
[P2] [DIAGNOSTIC] Peer Ticks: P0:209 P1:209 P3:209 P4:122 P5:205 P6:135 P7:205 
[P2] [HEARTBEAT] SimTick: 210 | NetHead: 209 | Confirmed: 122 | Missing: 88 | StateHash: 0x7DADB4B9
[P0] [DIAGNOSTIC] Peer Ticks: P1:209 P2:209 P3:209 P4:122 P5:205 P6:135 P7:205 
[P0] [HEARTBEAT] SimTick: 210 | NetHead: 209 | Confirmed: 122 | Missing: 88 | StateHash: 0x7DADB4B9
[P1] [DIAGNOSTIC] Peer Ticks: P0:209 P2:209 P3:209 P4:122 P5:205 P6:135 P7:205 
[P1] [HEARTBEAT] SimTick: 210 | NetHead: 209 | Confirmed: 122 | Missing: 88 | StateHash: 0x7DADB4B9
[P3] [DIAGNOSTIC] Peer Ticks: P0:209 P1:209 P2:209 P4:122 P5:205 P6:135 P7:205 
[P3] [HEARTBEAT] SimTick: 210 | NetHead: 209 | Confirmed: 122 | Missing: 88 | StateHash: 0x7DADB4B9
[P2] [DIAGNOSTIC] Peer Ticks: P0:209 P1:209 P3:209 P4:122 P5:205 P6:135 P7:205 
[P2] [HEARTBEAT] SimTick: 210 | NetHead: 209 | Confirmed: 122 | Missing: 88 | StateHash: 0x7DADB4B9
[P0] [DIAGNOSTIC] Peer Ticks: P1:209 P2:209 P3:209 P4:122 P5:205 P6:135 P7:205 
[P0] [HEARTBEAT] SimTick: 210 | NetHead: 209 | Confirmed: 122 | Missing: 88 | StateHash: 0x7DADB4B9
[P1] [DIAGNOSTIC] Peer Ticks: P0:209 P2:209 P3:209 P4:122 P5:205 P6:135 P7:205 
[P1] [HEARTBEAT] SimTick: 210 | NetHead: 209 | Confirmed: 122 | Missing: 88 | StateHash: 0x7DADB4B9
[P3] [DIAGNOSTIC] Peer Ticks: P0:209 P1:209 P2:209 P4:122 P5:205 P6:135 P7:205 
[P3] [HEARTBEAT] SimTick: 210 | NetHead: 209 | Confirmed: 122 | Missing: 88 | StateHash: 0x7DADB4B9
[P2] [DIAGNOSTIC] Peer Ticks: P0:209 P1:209 P3:209 P4:122 P5:205 P6:135 P7:205 
[P2] [HEARTBEAT] SimTick: 210 | NetHead: 209 | Confirmed: 122 | Missing: 88 | StateHash: 0x7DADB4B9
[P0] [DIAGNOSTIC] Peer Ticks: P1:209 P2:209 P3:209 P4:122 P5:205 P6:135 P7:205 
[P0] [HEARTBEAT] SimTick: 210 | NetHead: 209 | Confirmed: 122 | Missing: 88 | StateHash: 0x7DADB4B9
[P1] [DIAGNOSTIC] Peer Ticks: P0:209 P2:209 P3:209 P4:122 P5:205 P6:135 P7:205 
[P1] [HEARTBEAT] SimTick: 210 | NetHead: 209 | Confirmed: 122 | Missing: 88 | StateHash: 0x7DADB4B9
[P3] [DIAGNOSTIC] Peer Ticks: P0:209 P1:209 P2:209 P4:122 P5:205 P6:135 P7:205 
[P3] [HEARTBEAT] SimTick: 210 | NetHead: 209 | Confirmed: 122 | Missing: 88 | StateHash: 0x7DADB4B9
[P2] [DIAGNOSTIC] Peer Ticks: P0:209 P1:209 P3:209 P4:122 P5:205 P6:135 P7:205 
[P2] [HEARTBEAT] SimTick: 210 | NetHead: 209 | Confirmed: 122 | Missing: 88 | StateHash: 0x7DADB4B9
[P0] [DIAGNOSTIC] Peer Ticks: P1:209 P2:209 P3:209 P4:122 P5:205 P6:135 P7:205 
[P0] [HEARTBEAT] SimTick: 210 | NetHead: 209 | Confirmed: 122 | Missing: 88 | StateHash: 0x7DADB4B9
[P1] [DIAGNOSTIC] Peer Ticks: P0:209 P2:209 P3:209 P4:122 P5:205 P6:135 P7:205 
[P1] [HEARTBEAT] SimTick: 210 | NetHead: 209 | Confirmed: 122 | Missing: 88 | StateHash: 0x7DADB4B9
[P3] [DIAGNOSTIC] Peer Ticks: P0:209 P1:209 P2:209 P4:122 P5:205 P6:135 P7:205 
[P3] [HEARTBEAT] SimTick: 210 | NetHead: 209 | Confirmed: 122 | Missing: 88 | StateHash: 0x7DADB4B9
[P2] [DIAGNOSTIC] Peer Ticks: P0:209 P1:209 P3:209 P4:122 P5:205 P6:135 P7:205 
[P2] [HEARTBEAT] SimTick: 210 | NetHead: 209 | Confirmed: 122 | Missing: 88 | StateHash: 0x7DADB4B9
[P0] [DIAGNOSTIC] Peer Ticks: P1:209 P2:209 P3:209 P4:122 P5:205 P6:135 P7:205 
[P0] [HEARTBEAT] SimTick: 210 | NetHead: 209 | Confirmed: 122 | Missing: 88 | StateHash: 0x7DADB4B9
[P1] [DIAGNOSTIC] Peer Ticks: P0:209 P2:209 P3:209 P4:122 P5:205 P6:135 P7:205 
[P1] [HEARTBEAT] SimTick: 210 | NetHead: 209 | Confirmed: 122 | Missing: 88 | StateHash: 0x7DADB4B9
[P3] [DIAGNOSTIC] Peer Ticks: P0:209 P1:209 P2:209 P4:122 P5:205 P6:135 P7:205 
[P3] [HEARTBEAT] SimTick: 210 | NetHead: 209 | Confirmed: 122 | Missing: 88 | StateHash: 0x7DADB4B9
[P2] [DIAGNOSTIC] Peer Ticks: P0:209 P1:209 P3:209 P4:122 P5:205 P6:135 P7:205 
[P2] [HEARTBEAT] SimTick: 210 | NetHead: 209 | Confirmed: 122 | Missing: 88 | StateHash: 0x7DADB4B9
[P0] [DIAGNOSTIC] Peer Ticks: P1:209 P2:209 P3:209 P4:122 P5:205 P6:135 P7:205 
[P0] [HEARTBEAT] SimTick: 210 | NetHead: 209 | Confirmed: 122 | Missing: 88 | StateHash: 0x7DADB4B9
[P1] [DIAGNOSTIC] Peer Ticks: P0:209 P2:209 P3:209 P4:122 P5:205 P6:135 P7:205 
[P1] [HEARTBEAT] SimTick: 210 | NetHead: 209 | Confirmed: 122 | Missing: 88 | StateHash: 0x7DADB4B9
[P3] [DIAGNOSTIC] Peer Ticks: P0:209 P1:209 P2:209 P4:122 P5:205 P6:135 P7:205 
[P3] [HEARTBEAT] SimTick: 210 | NetHead: 209 | Confirmed: 122 | Missing: 88 | StateHash: 0x7DADB4B9
[P2] [DIAGNOSTIC] Peer Ticks: P0:209 P1:209 P3:209 P4:122 P5:205 P6:135 P7:205 
[P2] [HEARTBEAT] SimTick: 210 | NetHead: 209 | Confirmed: 122 | Missing: 88 | StateHash: 0x7DADB4B9
[P0] [DIAGNOSTIC] Peer Ticks: P1:209 P2:209 P3:209 P4:122 P5:205 P6:135 P7:205 
[P0] [HEARTBEAT] SimTick: 210 | NetHead: 209 | Confirmed: 122 | Missing: 88 | StateHash: 0x7DADB4B9
[P1] [DIAGNOSTIC] Peer Ticks: P0:209 P2:209 P3:209 P4:122 P5:205 P6:135 P7:205 
[P1] [HEARTBEAT] SimTick: 210 | NetHead: 209 | Confirmed: 122 | Missing: 88 | StateHash: 0x7DADB4B9
[P3] [DIAGNOSTIC] Peer Ticks: P0:209 P1:209 P2:209 P4:122 P5:205 P6:135 P7:205 
[P3] [HEARTBEAT] SimTick: 210 | NetHead: 209 | Confirmed: 122 | Missing: 88 | StateHash: 0x7DADB4B9
[P2] [DIAGNOSTIC] Peer Ticks: P0:209 P1:209 P3:209 P4:122 P5:205 P6:135 P7:205 
[P2] [HEARTBEAT] SimTick: 210 | NetHead: 209 | Confirmed: 122 | Missing: 88 | StateHash: 0x7DADB4B9
[P0] [DIAGNOSTIC] Peer Ticks: P1:209 P2:209 P3:209 P4:122 P5:205 P6:135 P7:205 
[P0] [HEARTBEAT] SimTick: 210 | NetHead: 209 | Confirmed: 122 | Missing: 88 | StateHash: 0x7DADB4B9
[P1] [DIAGNOSTIC] Peer Ticks: P0:209 P2:209 P3:209 P4:122 P5:205 P6:135 P7:205 
[P1] [HEARTBEAT] SimTick: 210 | NetHead: 209 | Confirmed: 122 | Missing: 88 | StateHash: 0x7DADB4B9
[P3] [DIAGNOSTIC] Peer Ticks: P0:209 P1:209 P2:209 P4:122 P5:205 P6:135 P7:205 
[P3] [HEARTBEAT] SimTick: 210 | NetHead: 209 | Confirmed: 122 | Missing: 88 | StateHash: 0x7DADB4B9
[P2] [DIAGNOSTIC] Peer Ticks: P0:209 P1:209 P3:209 P4:122 P5:205 P6:135 P7:205 
[P2] [HEARTBEAT] SimTick: 210 | NetHead: 209 | Confirmed: 122 | Missing: 88 | StateHash: 0x7DADB4B9
[P0] [DIAGNOSTIC] Peer Ticks: P1:209 P2:209 P3:209 P4:122 P5:205 P6:135 P7:205 
[P0] [HEARTBEAT] SimTick: 210 | NetHead: 209 | Confirmed: 122 | Missing: 88 | StateHash: 0x7DADB4B9
[P1] [DIAGNOSTIC] Peer Ticks: P0:209 P2:209 P3:209 P4:122 P5:205 P6:135 P7:205 
[P1] [HEARTBEAT] SimTick: 210 | NetHead: 209 | Confirmed: 122 | Missing: 88 | StateHash: 0x7DADB4B9
[P3] [DIAGNOSTIC] Peer Ticks: P0:209 P1:209 P2:209 P4:122 P5:205 P6:135 P7:205 
[P3] [HEARTBEAT] SimTick: 210 | NetHead: 209 | Confirmed: 122 | Missing: 88 | StateHash: 0x7DADB4B9
[P2] [DIAGNOSTIC] Peer Ticks: P0:209 P1:209 P3:209 P4:122 P5:205 P6:135 P7:205 
[P2] [HEARTBEAT] SimTick: 210 | NetHead: 209 | Confirmed: 122 | Missing: 88 | StateHash: 0x7DADB4B9
[P0] [DIAGNOSTIC] Peer Ticks: P1:209 P2:209 P3:209 P4:122 P5:205 P6:135 P7:205 
[P0] [HEARTBEAT] SimTick: 210 | NetHead: 209 | Confirmed: 122 | Missing: 88 | StateHash: 0x7DADB4B9
[P1] [DIAGNOSTIC] Peer Ticks: P0:209 P2:209 P3:209 P4:122 P5:205 P6:135 P7:205 
[P1] [HEARTBEAT] SimTick: 210 | NetHead: 209 | Confirmed: 122 | Missing: 88 | StateHash: 0x7DADB4B9
[P3] [DIAGNOSTIC] Peer Ticks: P0:209 P1:209 P2:209 P4:122 P5:205 P6:135 P7:205 
[P3] [HEARTBEAT] SimTick: 210 | NetHead: 209 | Confirmed: 122 | Missing: 88 | StateHash: 0x7DADB4B9
[P2] [DIAGNOSTIC] Peer Ticks: P0:209 P1:209 P3:209 P4:122 P5:205 P6:135 P7:205 
[P2] [HEARTBEAT] SimTick: 210 | NetHead: 209 | Confirmed: 122 | Missing: 88 | StateHash: 0x7DADB4B9
[P0] [DIAGNOSTIC] Peer Ticks: P1:209 P2:209 P3:209 P4:122 P5:205 P6:135 P7:205 
[P0] [HEARTBEAT] SimTick: 210 | NetHead: 209 | Confirmed: 122 | Missing: 88 | StateHash: 0x7DADB4B9
[P1] [DIAGNOSTIC] Peer Ticks: P0:209 P2:209 P3:209 P4:122 P5:205 P6:135 P7:205 
[P1] [HEARTBEAT] SimTick: 210 | NetHead: 209 | Confirmed: 122 | Missing: 88 | StateHash: 0x7DADB4B9
[P3] [DIAGNOSTIC] Peer Ticks: P0:209 P1:209 P2:209 P4:122 P5:205 P6:135 P7:205 
[P3] [HEARTBEAT] SimTick: 210 | NetHead: 209 | Confirmed: 122 | Missing: 88 | StateHash: 0x7DADB4B9
[P2] [DIAGNOSTIC] Peer Ticks: P0:209 P1:209 P3:209 P4:122 P5:205 P6:135 P7:205 
[P2] [HEARTBEAT] SimTick: 210 | NetHead: 209 | Confirmed: 122 | Missing: 88 | StateHash: 0x7DADB4B9
[P0] [DIAGNOSTIC] Peer Ticks: P1:209 P2:209 P3:209 P4:122 P5:205 P6:135 P7:205 
[P0] [HEARTBEAT] SimTick: 210 | NetHead: 209 | Confirmed: 122 | Missing: 88 | StateHash: 0x7DADB4B9
[P1] [DIAGNOSTIC] Peer Ticks: P0:209 P2:209 P3:209 P4:122 P5:205 P6:135 P7:205 
[P1] [HEARTBEAT] SimTick: 210 | NetHead: 209 | Confirmed: 122 | Missing: 88 | StateHash: 0x7DADB4B9
[P3] [DIAGNOSTIC] Peer Ticks: P0:209 P1:209 P2:209 P4:122 P5:205 P6:135 P7:205 
[P3] [HEARTBEAT] SimTick: 210 | NetHead: 209 | Confirmed: 122 | Missing: 88 | StateHash: 0x7DADB4B9
[P2] [DIAGNOSTIC] Peer Ticks: P0:209 P1:209 P3:209 P4:122 P5:205 P6:135 P7:205 
[P2] [HEARTBEAT] SimTick: 210 | NetHead: 209 | Confirmed: 122 | Missing: 88 | StateHash: 0x7DADB4B9
[P0] [DIAGNOSTIC] Peer Ticks: P1:209 P2:209 P3:209 P4:122 P5:205 P6:135 P7:205 
[P0] [HEARTBEAT] SimTick: 210 | NetHead: 209 | Confirmed: 122 | Missing: 88 | StateHash: 0x7DADB4B9
[P1] [DIAGNOSTIC] Peer Ticks: P0:209 P2:209 P3:209 P4:122 P5:205 P6:135 P7:205 
[P1] [HEARTBEAT] SimTick: 210 | NetHead: 209 | Confirmed: 122 | Missing: 88 | StateHash: 0x7DADB4B9
[P3] [DIAGNOSTIC] Peer Ticks: P0:209 P1:209 P2:209 P4:122 P5:205 P6:135 P7:205 
[P3] [HEARTBEAT] SimTick: 210 | NetHead: 209 | Confirmed: 122 | Missing: 88 | StateHash: 0x7DADB4B9
[P2] [DIAGNOSTIC] Peer Ticks: P0:209 P1:209 P3:209 P4:122 P5:205 P6:135 P7:205 
[P2] [HEARTBEAT] SimTick: 210 | NetHead: 209 | Confirmed: 122 | Missing: 88 | StateHash: 0x7DADB4B9
[P0] [DIAGNOSTIC] Peer Ticks: P1:209 P2:209 P3:209 P4:122 P5:205 P6:135 P7:205 
[P0] [HEARTBEAT] SimTick: 210 | NetHead: 209 | Confirmed: 122 | Missing: 88 | StateHash: 0x7DADB4B9
[P1] [DIAGNOSTIC] Peer Ticks: P0:209 P2:209 P3:209 P4:122 P5:205 P6:135 P7:205 
[P1] [HEARTBEAT] SimTick: 210 | NetHead: 209 | Confirmed: 122 | Missing: 88 | StateHash: 0x7DADB4B9
[P3] [DIAGNOSTIC] Peer Ticks: P0:209 P1:209 P2:209 P4:122 P5:205 P6:135 P7:205 
[P3] [HEARTBEAT] SimTick: 210 | NetHead: 209 | Confirmed: 122 | Missing: 88 | StateHash: 0x7DADB4B9
[P2] [DIAGNOSTIC] Peer Ticks: P0:209 P1:209 P3:209 P4:122 P5:205 P6:135 P7:205 
[P2] [HEARTBEAT] SimTick: 210 | NetHead: 209 | Confirmed: 122 | Missing: 88 | StateHash: 0x7DADB4B9
[P0] [DIAGNOSTIC] Peer Ticks: P1:209 P2:209 P3:209 P4:122 P5:205 P6:135 P7:205 
[P0] [HEARTBEAT] SimTick: 210 | NetHead: 209 | Confirmed: 122 | Missing: 88 | StateHash: 0x7DADB4B9
[P1] [DIAGNOSTIC] Peer Ticks: P0:209 P2:209 P3:209 P4:122 P5:205 P6:135 P7:205 
[P1] [HEARTBEAT] SimTick: 210 | NetHead: 209 | Confirmed: 122 | Missing: 88 | StateHash: 0x7DADB4B9
[P3] [DIAGNOSTIC] Peer Ticks: P0:209 P1:209 P2:209 P4:122 P5:205 P6:135 P7:205 
[P3] [HEARTBEAT] SimTick: 210 | NetHead: 209 | Confirmed: 122 | Missing: 88 | StateHash: 0x7DADB4B9
[P2] [DIAGNOSTIC] Peer Ticks: P0:209 P1:209 P3:209 P4:122 P5:205 P6:135 P7:205 
[P2] [HEARTBEAT] SimTick: 210 | NetHead: 209 | Confirmed: 122 | Missing: 88 | StateHash: 0x7DADB4B9
[P0] [DIAGNOSTIC] Peer Ticks: P1:209 P2:209 P3:209 P4:122 P5:205 P6:135 P7:205 
[P0] [HEARTBEAT] SimTick: 210 | NetHead: 209 | Confirmed: 122 | Missing: 88 | StateHash: 0x7DADB4B9
[P1] [DIAGNOSTIC] Peer Ticks: P0:209 P2:209 P3:209 P4:122 P5:205 P6:135 P7:205 
[P1] [HEARTBEAT] SimTick: 210 | NetHead: 209 | Confirmed: 122 | Missing: 88 | StateHash: 0x7DADB4B9
[P3] [DIAGNOSTIC] Peer Ticks: P0:209 P1:209 P2:209 P4:122 P5:205 P6:135 P7:205 
[P3] [HEARTBEAT] SimTick: 210 | NetHead: 209 | Confirmed: 122 | Missing: 88 | StateHash: 0x7DADB4B9
[P2] [DIAGNOSTIC] Peer Ticks: P0:209 P1:209 P3:209 P4:122 P5:205 P6:135 P7:205 
[P2] [HEARTBEAT] SimTick: 210 | NetHead: 209 | Confirmed: 122 | Missing: 88 | StateHash: 0x7DADB4B9
[P0] [DIAGNOSTIC] Peer Ticks: P1:209 P2:209 P3:209 P4:122 P5:205 P6:135 P7:205 
[P0] [HEARTBEAT] SimTick: 210 | NetHead: 209 | Confirmed: 122 | Missing: 88 | StateHash: 0x7DADB4B9
[P1] [DIAGNOSTIC] Peer Ticks: P0:209 P2:209 P3:209 P4:122 P5:205 P6:135 P7:205 
[P1] [HEARTBEAT] SimTick: 210 | NetHead: 209 | Confirmed: 122 | Missing: 88 | StateHash: 0x7DADB4B9
[P3] [DIAGNOSTIC] Peer Ticks: P0:209 P1:209 P2:209 P4:122 P5:205 P6:135 P7:205 
[P3] [HEARTBEAT] SimTick: 210 | NetHead: 209 | Confirmed: 122 | Missing: 88 | StateHash: 0x7DADB4B9
[P2] [DIAGNOSTIC] Peer Ticks: P0:209 P1:209 P3:209 P4:122 P5:205 P6:135 P7:205 
[P2] [HEARTBEAT] SimTick: 210 | NetHead: 209 | Confirmed: 122 | Missing: 88 | StateHash: 0x7DADB4B9
[P0] [DIAGNOSTIC] Peer Ticks: P1:209 P2:209 P3:209 P4:122 P5:205 P6:135 P7:205 
[P0] [HEARTBEAT] SimTick: 210 | NetHead: 209 | Confirmed: 122 | Missing: 88 | StateHash: 0x7DADB4B9
[P1] [DIAGNOSTIC] Peer Ticks: P0:209 P2:209 P3:209 P4:122 P5:205 P6:135 P7:205 
[P1] [HEARTBEAT] SimTick: 210 | NetHead: 209 | Confirmed: 122 | Missing: 88 | StateHash: 0x7DADB4B9
[P3] [DIAGNOSTIC] Peer Ticks: P0:209 P1:209 P2:209 P4:122 P5:205 P6:135 P7:205 
[P3] [HEARTBEAT] SimTick: 210 | NetHead: 209 | Confirmed: 122 | Missing: 88 | StateHash: 0x7DADB4B9
[P2] [DIAGNOSTIC] Peer Ticks: P0:209 P1:209 P3:209 P4:122 P5:205 P6:135 P7:205 
[P2] [HEARTBEAT] SimTick: 210 | NetHead: 209 | Confirmed: 122 | Missing: 88 | StateHash: 0x7DADB4B9
[P0] [DIAGNOSTIC] Peer Ticks: P1:209 P2:209 P3:209 P4:122 P5:205 P6:135 P7:205 
[P0] [HEARTBEAT] SimTick: 210 | NetHead: 209 | Confirmed: 122 | Missing: 88 | StateHash: 0x7DADB4B9
[P1] [DIAGNOSTIC] Peer Ticks: P0:209 P2:209 P3:209 P4:122 P5:205 P6:135 P7:205 
[P1] [HEARTBEAT] SimTick: 210 | NetHead: 209 | Confirmed: 122 | Missing: 88 | StateHash: 0x7DADB4B9
[P3] [DIAGNOSTIC] Peer Ticks: P0:209 P1:209 P2:209 P4:122 P5:205 P6:135 P7:205 
[P3] [HEARTBEAT] SimTick: 210 | NetHead: 209 | Confirmed: 122 | Missing: 88 | StateHash: 0x7DADB4B9
[P2] [DIAGNOSTIC] Peer Ticks: P0:209 P1:209 P3:209 P4:122 P5:205 P6:135 P7:205 
[P2] [HEARTBEAT] SimTick: 210 | NetHead: 209 | Confirmed: 122 | Missing: 88 | StateHash: 0x7DADB4B9
[P0] [DIAGNOSTIC] Peer Ticks: P1:209 P2:209 P3:209 P4:122 P5:205 P6:135 P7:205 
[P0] [HEARTBEAT] SimTick: 210 | NetHead: 209 | Confirmed: 122 | Missing: 88 | StateHash: 0x7DADB4B9
[P1] [DIAGNOSTIC] Peer Ticks: P0:209 P2:209 P3:209 P4:122 P5:205 P6:135 P7:205 
[P1] [HEARTBEAT] SimTick: 210 | NetHead: 209 | Confirmed: 122 | Missing: 88 | StateHash: 0x7DADB4B9
[P3] [DIAGNOSTIC] Peer Ticks: P0:209 P1:209 P2:209 P4:122 P5:205 P6:135 P7:205 
[P3] [HEARTBEAT] SimTick: 210 | NetHead: 209 | Confirmed: 122 | Missing: 88 | StateHash: 0x7DADB4B9
[P2] [DIAGNOSTIC] Peer Ticks: P0:209 P1:209 P3:209 P4:122 P5:205 P6:135 P7:205 
[P2] [HEARTBEAT] SimTick: 210 | NetHead: 209 | Confirmed: 122 | Missing: 88 | StateHash: 0x7DADB4B9
[P0] [DIAGNOSTIC] Peer Ticks: P1:209 P2:209 P3:209 P4:122 P5:205 P6:135 P7:205 
[P0] [HEARTBEAT] SimTick: 210 | NetHead: 209 | Confirmed: 122 | Missing: 88 | StateHash: 0x7DADB4B9
[P1] [DIAGNOSTIC] Peer Ticks: P0:209 P2:209 P3:209 P4:122 P5:205 P6:135 P7:205 
[P1] [HEARTBEAT] SimTick: 210 | NetHead: 209 | Confirmed: 122 | Missing: 88 | StateHash: 0x7DADB4B9
[P3] [DIAGNOSTIC] Peer Ticks: P0:209 P1:209 P2:209 P4:122 P5:205 P6:135 P7:205 
[P3] [HEARTBEAT] SimTick: 210 | NetHead: 209 | Confirmed: 122 | Missing: 88 | StateHash: 0x7DADB4B9
[P2] [DIAGNOSTIC] Peer Ticks: P0:209 P1:209 P3:209 P4:122 P5:205 P6:135 P7:205 
[P2] [HEARTBEAT] SimTick: 210 | NetHead: 209 | Confirmed: 122 | Missing: 88 | StateHash: 0x7DADB4B9
[P0] [DIAGNOSTIC] Peer Ticks: P1:209 P2:209 P3:209 P4:122 P5:205 P6:135 P7:205 
[P0] [HEARTBEAT] SimTick: 210 | NetHead: 209 | Confirmed: 122 | Missing: 88 | StateHash: 0x7DADB4B9
[P1] [DIAGNOSTIC] Peer Ticks: P0:209 P2:209 P3:209 P4:122 P5:205 P6:135 P7:205 
[P1] [HEARTBEAT] SimTick: 210 | NetHead: 209 | Confirmed: 122 | Missing: 88 | StateHash: 0x7DADB4B9
[P3] [DIAGNOSTIC] Peer Ticks: P0:209 P1:209 P2:209 P4:122 P5:205 P6:135 P7:205 
[P3] [HEARTBEAT] SimTick: 210 | NetHead: 209 | Confirmed: 122 | Missing: 88 | StateHash: 0x7DADB4B9
[P2] [DIAGNOSTIC] Peer Ticks: P0:209 P1:209 P3:209 P4:122 P5:205 P6:135 P7:205 
[P2] [HEARTBEAT] SimTick: 210 | NetHead: 209 | Confirmed: 122 | Missing: 88 | StateHash: 0x7DADB4B9
[P0] [DIAGNOSTIC] Peer Ticks: P1:209 P2:209 P3:209 P4:122 P5:205 P6:135 P7:205 
[P0] [HEARTBEAT] SimTick: 210 | NetHead: 209 | Confirmed: 122 | Missing: 88 | StateHash: 0x7DADB4B9
[P1] [DIAGNOSTIC] Peer Ticks: P0:209 P2:209 P3:209 P4:122 P5:205 P6:135 P7:205 
[P1] [HEARTBEAT] SimTick: 210 | NetHead: 209 | Confirmed: 122 | Missing: 88 | StateHash: 0x7DADB4B9
[P3] [DIAGNOSTIC] Peer Ticks: P0:209 P1:209 P2:209 P4:122 P5:205 P6:135 P7:205 
[P3] [HEARTBEAT] SimTick: 210 | NetHead: 209 | Confirmed: 122 | Missing: 88 | StateHash: 0x7DADB4B9
[P2] [DIAGNOSTIC] Peer Ticks: P0:209 P1:209 P3:209 P4:122 P5:205 P6:135 P7:205 
[P2] [HEARTBEAT] SimTick: 210 | NetHead: 209 | Confirmed: 122 | Missing: 88 | StateHash: 0x7DADB4B9
[P0] [DIAGNOSTIC] Peer Ticks: P1:209 P2:209 P3:209 P4:122 P5:205 P6:135 P7:205 
[P0] [HEARTBEAT] SimTick: 210 | NetHead: 209 | Confirmed: 122 | Missing: 88 | StateHash: 0x7DADB4B9
[P1] [DIAGNOSTIC] Peer Ticks: P0:209 P2:209 P3:209 P4:122 P5:205 P6:135 P7:205 
[P1] [HEARTBEAT] SimTick: 210 | NetHead: 209 | Confirmed: 122 | Missing: 88 | StateHash: 0x7DADB4B9
[P3] [DIAGNOSTIC] Peer Ticks: P0:209 P1:209 P2:209 P4:122 P5:205 P6:135 P7:205 
[P3] [HEARTBEAT] SimTick: 210 | NetHead: 209 | Confirmed: 122 | Missing: 88 | StateHash: 0x7DADB4B9
[P2] [DIAGNOSTIC] Peer Ticks: P0:209 P1:209 P3:209 P4:122 P5:205 P6:135 P7:205 
[P2] [HEARTBEAT] SimTick: 210 | NetHead: 209 | Confirmed: 122 | Missing: 88 | StateHash: 0x7DADB4B9
[P0] [DIAGNOSTIC] Peer Ticks: P1:209 P2:209 P3:209 P4:122 P5:205 P6:135 P7:205 
[P0] [HEARTBEAT] SimTick: 210 | NetHead: 209 | Confirmed: 122 | Missing: 88 | StateHash: 0x7DADB4B9
[P1] [DIAGNOSTIC] Peer Ticks: P0:209 P2:209 P3:209 P4:122 P5:205 P6:135 P7:205 
[P1] [HEARTBEAT] SimTick: 210 | NetHead: 209 | Confirmed: 122 | Missing: 88 | StateHash: 0x7DADB4B9
[P3] [DIAGNOSTIC] Peer Ticks: P0:209 P1:209 P2:209 P4:122 P5:205 P6:135 P7:205 
[P3] [HEARTBEAT] SimTick: 210 | NetHead: 209 | Confirmed: 122 | Missing: 88 | StateHash: 0x7DADB4B9
[P2] [DIAGNOSTIC] Peer Ticks: P0:209 P1:209 P3:209 P4:122 P5:205 P6:135 P7:205 
[P2] [HEARTBEAT] SimTick: 210 | NetHead: 209 | Confirmed: 122 | Missing: 88 | StateHash: 0x7DADB4B9
[P0] [DIAGNOSTIC] Peer Ticks: P1:209 P2:209 P3:209 P4:122 P5:205 P6:135 P7:205 
[P0] [HEARTBEAT] SimTick: 210 | NetHead: 209 | Confirmed: 122 | Missing: 88 | StateHash: 0x7DADB4B9
[P1] [DIAGNOSTIC] Peer Ticks: P0:209 P2:209 P3:209 P4:122 P5:205 P6:135 P7:205 
[P1] [HEARTBEAT] SimTick: 210 | NetHead: 209 | Confirmed: 122 | Missing: 88 | StateHash: 0x7DADB4B9
[P3] [DIAGNOSTIC] Peer Ticks: P0:209 P1:209 P2:209 P4:122 P5:205 P6:135 P7:205 
[P3] [HEARTBEAT] SimTick: 210 | NetHead: 209 | Confirmed: 122 | Missing: 88 | StateHash: 0x7DADB4B9
[P2] [DIAGNOSTIC] Peer Ticks: P0:209 P1:209 P3:209 P4:122 P5:205 P6:135 P7:205 
[P2] [HEARTBEAT] SimTick: 210 | NetHead: 209 | Confirmed: 122 | Missing: 88 | StateHash: 0x7DADB4B9
[P0] [DIAGNOSTIC] Peer Ticks: P1:209 P2:209 P3:209 P4:122 P5:205 P6:135 P7:205 
[P0] [HEARTBEAT] SimTick: 210 | NetHead: 209 | Confirmed: 122 | Missing: 88 | StateHash: 0x7DADB4B9
[P1] [DIAGNOSTIC] Peer Ticks: P0:209 P2:209 P3:209 P4:122 P5:205 P6:135 P7:205 
[P1] [HEARTBEAT] SimTick: 210 | NetHead: 209 | Confirmed: 122 | Missing: 88 | StateHash: 0x7DADB4B9
[P3] [DIAGNOSTIC] Peer Ticks: P0:209 P1:209 P2:209 P4:122 P5:205 P6:135 P7:205 
[P3] [HEARTBEAT] SimTick: 210 | NetHead: 209 | Confirmed: 122 | Missing: 88 | StateHash: 0x7DADB4B9
[P2] [DIAGNOSTIC] Peer Ticks: P0:209 P1:209 P3:209 P4:122 P5:205 P6:135 P7:205 
[P2] [HEARTBEAT] SimTick: 210 | NetHead: 209 | Confirmed: 122 | Missing: 88 | StateHash: 0x7DADB4B9
[P0] [DIAGNOSTIC] Peer Ticks: P1:209 P2:209 P3:209 P4:122 P5:205 P6:135 P7:205 
[P0] [HEARTBEAT] SimTick: 210 | NetHead: 209 | Confirmed: 122 | Missing: 88 | StateHash: 0x7DADB4B9
[P1] [DIAGNOSTIC] Peer Ticks: P0:209 P2:209 P3:209 P4:122 P5:205 P6:135 P7:205 
[P1] [HEARTBEAT] SimTick: 210 | NetHead: 209 | Confirmed: 122 | Missing: 88 | StateHash: 0x7DADB4B9
[P3] [DIAGNOSTIC] Peer Ticks: P0:209 P1:209 P2:209 P4:122 P5:205 P6:135 P7:205 
[P3] [HEARTBEAT] SimTick: 210 | NetHead: 209 | Confirmed: 122 | Missing: 88 | StateHash: 0x7DADB4B9
[P2] [DIAGNOSTIC] Peer Ticks: P0:209 P1:209 P3:209 P4:122 P5:205 P6:135 P7:205 
[P2] [HEARTBEAT] SimTick: 210 | NetHead: 209 | Confirmed: 122 | Missing: 88 | StateHash: 0x7DADB4B9
[P0] [DIAGNOSTIC] Peer Ticks: P1:209 P2:209 P3:209 P4:122 P5:205 P6:135 P7:205 
[P0] [HEARTBEAT] SimTick: 210 | NetHead: 209 | Confirmed: 122 | Missing: 88 | StateHash: 0x7DADB4B9
[P1] [DIAGNOSTIC] Peer Ticks: P0:209 P2:209 P3:209 P4:122 P5:205 P6:135 P7:205 
[P1] [HEARTBEAT] SimTick: 210 | NetHead: 209 | Confirmed: 122 | Missing: 88 | StateHash: 0x7DADB4B9
[P3] [DIAGNOSTIC] Peer Ticks: P0:209 P1:209 P2:209 P4:122 P5:205 P6:135 P7:205 
[P3] [HEARTBEAT] SimTick: 210 | NetHead: 209 | Confirmed: 122 | Missing: 88 | StateHash: 0x7DADB4B9
[P2] [DIAGNOSTIC] Peer Ticks: P0:209 P1:209 P3:209 P4:122 P5:205 P6:135 P7:205 
[P2] [HEARTBEAT] SimTick: 210 | NetHead: 209 | Confirmed: 122 | Missing: 88 | StateHash: 0x7DADB4B9
[P0] [DIAGNOSTIC] Peer Ticks: P1:209 P2:209 P3:209 P4:122 P5:205 P6:135 P7:205 
[P0] [HEARTBEAT] SimTick: 210 | NetHead: 209 | Confirmed: 122 | Missing: 88 | StateHash: 0x7DADB4B9
[P1] [DIAGNOSTIC] Peer Ticks: P0:209 P2:209 P3:209 P4:122 P5:205 P6:135 P7:205 
[P1] [HEARTBEAT] SimTick: 210 | NetHead: 209 | Confirmed: 122 | Missing: 88 | StateHash: 0x7DADB4B9
[P3] [DIAGNOSTIC] Peer Ticks: P0:209 P1:209 P2:209 P4:122 P5:205 P6:135 P7:205 
[P3] [HEARTBEAT] SimTick: 210 | NetHead: 209 | Confirmed: 122 | Missing: 88 | StateHash: 0x7DADB4B9
[P2] [DIAGNOSTIC] Peer Ticks: P0:209 P1:209 P3:209 P4:122 P5:205 P6:135 P7:205 
[P2] [HEARTBEAT] SimTick: 210 | NetHead: 209 | Confirmed: 122 | Missing: 88 | StateHash: 0x7DADB4B9
[P0] [DIAGNOSTIC] Peer Ticks: P1:209 P2:209 P3:209 P4:122 P5:205 P6:135 P7:205 
[P0] [HEARTBEAT] SimTick: 210 | NetHead: 209 | Confirmed: 122 | Missing: 88 | StateHash: 0x7DADB4B9
[P1] [DIAGNOSTIC] Peer Ticks: P0:209 P2:209 P3:209 P4:122 P5:205 P6:135 P7:205 
[P1] [HEARTBEAT] SimTick: 210 | NetHead: 209 | Confirmed: 122 | Missing: 88 | StateHash: 0x7DADB4B9
[P3] [DIAGNOSTIC] Peer Ticks: P0:209 P1:209 P2:209 P4:122 P5:205 P6:135 P7:205 
[P3] [HEARTBEAT] SimTick: 210 | NetHead: 209 | Confirmed: 122 | Missing: 88 | StateHash: 0x7DADB4B9
[P2] [DIAGNOSTIC] Peer Ticks: P0:209 P1:209 P3:209 P4:122 P5:205 P6:135 P7:205 
[P2] [HEARTBEAT] SimTick: 210 | NetHead: 209 | Confirmed: 122 | Missing: 88 | StateHash: 0x7DADB4B9
[P0] [DIAGNOSTIC] Peer Ticks: P1:209 P2:209 P3:209 P4:122 P5:205 P6:135 P7:205 
[P0] [HEARTBEAT] SimTick: 210 | NetHead: 209 | Confirmed: 122 | Missing: 88 | StateHash: 0x7DADB4B9
[P1] [DIAGNOSTIC] Peer Ticks: P0:209 P2:209 P3:209 P4:122 P5:205 P6:135 P7:205 
[P1] [HEARTBEAT] SimTick: 210 | NetHead: 209 | Confirmed: 122 | Missing: 88 | StateHash: 0x7DADB4B9
[P3] [DIAGNOSTIC] Peer Ticks: P0:209 P1:209 P2:209 P4:122 P5:205 P6:135 P7:205 
[P3] [HEARTBEAT] SimTick: 210 | NetHead: 209 | Confirmed: 122 | Missing: 88 | StateHash: 0x7DADB4B9
[P2] [DIAGNOSTIC] Peer Ticks: P0:209 P1:209 P3:209 P4:122 P5:205 P6:135 P7:205 
[P2] [HEARTBEAT] SimTick: 210 | NetHead: 209 | Confirmed: 122 | Missing: 88 | StateHash: 0x7DADB4B9
[P0] [DIAGNOSTIC] Peer Ticks: P1:209 P2:209 P3:209 P4:122 P5:205 P6:135 P7:205 
[P0] [HEARTBEAT] SimTick: 210 | NetHead: 209 | Confirmed: 122 | Missing: 88 | StateHash: 0x7DADB4B9
[P1] [DIAGNOSTIC] Peer Ticks: P0:209 P2:209 P3:209 P4:122 P5:205 P6:135 P7:205 
[P1] [HEARTBEAT] SimTick: 210 | NetHead: 209 | Confirmed: 122 | Missing: 88 | StateHash: 0x7DADB4B9
[P3] [DIAGNOSTIC] Peer Ticks: P0:209 P1:209 P2:209 P4:122 P5:205 P6:135 P7:205 
[P3] [HEARTBEAT] SimTick: 210 | NetHead: 209 | Confirmed: 122 | Missing: 88 | StateHash: 0x7DADB4B9
[P2] [DIAGNOSTIC] Peer Ticks: P0:209 P1:209 P3:209 P4:122 P5:205 P6:135 P7:205 
[P2] [HEARTBEAT] SimTick: 210 | NetHead: 209 | Confirmed: 122 | Missing: 88 | StateHash: 0x7DADB4B9
[P0] [DIAGNOSTIC] Peer Ticks: P1:209 P2:209 P3:209 P4:122 P5:205 P6:135 P7:205 
[P0] [HEARTBEAT] SimTick: 210 | NetHead: 209 | Confirmed: 122 | Missing: 88 | StateHash: 0x7DADB4B9
[P1] [DIAGNOSTIC] Peer Ticks: P0:209 P2:209 P3:209 P4:122 P5:205 P6:135 P7:205 
[P1] [HEARTBEAT] SimTick: 210 | NetHead: 209 | Confirmed: 122 | Missing: 88 | StateHash: 0x7DADB4B9
[P3] [DIAGNOSTIC] Peer Ticks: P0:209 P1:209 P2:209 P4:122 P5:205 P6:135 P7:205 
[P3] [HEARTBEAT] SimTick: 210 | NetHead: 209 | Confirmed: 122 | Missing: 88 | StateHash: 0x7DADB4B9
[P2] [DIAGNOSTIC] Peer Ticks: P0:209 P1:209 P3:209 P4:122 P5:205 P6:135 P7:205 
[P2] [HEARTBEAT] SimTick: 210 | NetHead: 209 | Confirmed: 122 | Missing: 88 | StateHash: 0x7DADB4B9
[P0] [DIAGNOSTIC] Peer Ticks: P1:209 P2:209 P3:209 P4:122 P5:205 P6:135 P7:205 
[P0] [HEARTBEAT] SimTick: 210 | NetHead: 209 | Confirmed: 122 | Missing: 88 | StateHash: 0x7DADB4B9
[P1] [DIAGNOSTIC] Peer Ticks: P0:209 P2:209 P3:209 P4:122 P5:205 P6:135 P7:205 
[P1] [HEARTBEAT] SimTick: 210 | NetHead: 209 | Confirmed: 122 | Missing: 88 | StateHash: 0x7DADB4B9
[P3] [DIAGNOSTIC] Peer Ticks: P0:209 P1:209 P2:209 P4:122 P5:205 P6:135 P7:205 
[P3] [HEARTBEAT] SimTick: 210 | NetHead: 209 | Confirmed: 122 | Missing: 88 | StateHash: 0x7DADB4B9
[P2] [DIAGNOSTIC] Peer Ticks: P0:209 P1:209 P3:209 P4:122 P5:205 P6:135 P7:205 
[P2] [HEARTBEAT] SimTick: 210 | NetHead: 209 | Confirmed: 122 | Missing: 88 | StateHash: 0x7DADB4B9
[P0] [DIAGNOSTIC] Peer Ticks: P1:209 P2:209 P3:209 P4:122 P5:205 P6:135 P7:205 
[P0] [HEARTBEAT] SimTick: 210 | NetHead: 209 | Confirmed: 122 | Missing: 88 | StateHash: 0x7DADB4B9
[P1] [DIAGNOSTIC] Peer Ticks: P0:209 P2:209 P3:209 P4:122 P5:205 P6:135 P7:205 
[P1] [HEARTBEAT] SimTick: 210 | NetHead: 209 | Confirmed: 122 | Missing: 88 | StateHash: 0x7DADB4B9
[P3] [DIAGNOSTIC] Peer Ticks: P0:209 P1:209 P2:209 P4:122 P5:205 P6:135 P7:205 
[P3] [HEARTBEAT] SimTick: 210 | NetHead: 209 | Confirmed: 122 | Missing: 88 | StateHash: 0x7DADB4B9
[P2] [DIAGNOSTIC] Peer Ticks: P0:209 P1:209 P3:209 P4:122 P5:205 P6:135 P7:205 
[P2] [HEARTBEAT] SimTick: 210 | NetHead: 209 | Confirmed: 122 | Missing: 88 | StateHash: 0x7DADB4B9
[P0] [DIAGNOSTIC] Peer Ticks: P1:209 P2:209 P3:209 P4:122 P5:205 P6:135 P7:205 
[P0] [HEARTBEAT] SimTick: 210 | NetHead: 209 | Confirmed: 122 | Missing: 88 | StateHash: 0x7DADB4B9
[P1] [DIAGNOSTIC] Peer Ticks: P0:209 P2:209 P3:209 P4:122 P5:205 P6:135 P7:205 
[P1] [HEARTBEAT] SimTick: 210 | NetHead: 209 | Confirmed: 122 | Missing: 88 | StateHash: 0x7DADB4B9
[P3] [DIAGNOSTIC] Peer Ticks: P0:209 P1:209 P2:209 P4:122 P5:205 P6:135 P7:205 
[P3] [HEARTBEAT] SimTick: 210 | NetHead: 209 | Confirmed: 122 | Missing: 88 | StateHash: 0x7DADB4B9
[P2] [DIAGNOSTIC] Peer Ticks: P0:209 P1:209 P3:209 P4:122 P5:205 P6:135 P7:205 
[P2] [HEARTBEAT] SimTick: 210 | NetHead: 209 | Confirmed: 122 | Missing: 88 | StateHash: 0x7DADB4B9
[P0] [DIAGNOSTIC] Peer Ticks: P1:209 P2:209 P3:209 P4:122 P5:205 P6:135 P7:205 
[P0] [HEARTBEAT] SimTick: 210 | NetHead: 209 | Confirmed: 122 | Missing: 88 | StateHash: 0x7DADB4B9
[P1] [DIAGNOSTIC] Peer Ticks: P0:209 P2:209 P3:209 P4:122 P5:205 P6:135 P7:205 
[P1] [HEARTBEAT] SimTick: 210 | NetHead: 209 | Confirmed: 122 | Missing: 88 | StateHash: 0x7DADB4B9
[P3] [DIAGNOSTIC] Peer Ticks: P0:209 P1:209 P2:209 P4:122 P5:205 P6:135 P7:205 
[P3] [HEARTBEAT] SimTick: 210 | NetHead: 209 | Confirmed: 122 | Missing: 88 | StateHash: 0x7DADB4B9
[P2] [DIAGNOSTIC] Peer Ticks: P0:209 P1:209 P3:209 P4:122 P5:205 P6:135 P7:205 
[P2] [HEARTBEAT] SimTick: 210 | NetHead: 209 | Confirmed: 122 | Missing: 88 | StateHash: 0x7DADB4B9
[P0] [DIAGNOSTIC] Peer Ticks: P1:209 P2:209 P3:209 P4:122 P5:205 P6:135 P7:205 
[P0] [HEARTBEAT] SimTick: 210 | NetHead: 209 | Confirmed: 122 | Missing: 88 | StateHash: 0x7DADB4B9
[P1] [DIAGNOSTIC] Peer Ticks: P0:209 P2:209 P3:209 P4:122 P5:205 P6:135 P7:205 
[P1] [HEARTBEAT] SimTick: 210 | NetHead: 209 | Confirmed: 122 | Missing: 88 | StateHash: 0x7DADB4B9
[P3] [DIAGNOSTIC] Peer Ticks: P0:209 P1:209 P2:209 P4:122 P5:205 P6:135 P7:205 
[P3] [HEARTBEAT] SimTick: 210 | NetHead: 209 | Confirmed: 122 | Missing: 88 | StateHash: 0x7DADB4B9
[P2] [DIAGNOSTIC] Peer Ticks: P0:209 P1:209 P3:209 P4:122 P5:205 P6:135 P7:205 
[P2] [HEARTBEAT] SimTick: 210 | NetHead: 209 | Confirmed: 122 | Missing: 88 | StateHash: 0x7DADB4B9
[P0] [DIAGNOSTIC] Peer Ticks: P1:209 P2:209 P3:209 P4:122 P5:205 P6:135 P7:205 
[P0] [HEARTBEAT] SimTick: 210 | NetHead: 209 | Confirmed: 122 | Missing: 88 | StateHash: 0x7DADB4B9
[P1] [DIAGNOSTIC] Peer Ticks: P0:209 P2:209 P3:209 P4:122 P5:205 P6:135 P7:205 
[P1] [HEARTBEAT] SimTick: 210 | NetHead: 209 | Confirmed: 122 | Missing: 88 | StateHash: 0x7DADB4B9
[P3] [DIAGNOSTIC] Peer Ticks: P0:209 P1:209 P2:209 P4:122 P5:205 P6:135 P7:205 
[P3] [HEARTBEAT] SimTick: 210 | NetHead: 209 | Confirmed: 122 | Missing: 88 | StateHash: 0x7DADB4B9
[P2] [DIAGNOSTIC] Peer Ticks: P0:209 P1:209 P3:209 P4:122 P5:205 P6:135 P7:205 
[P2] [HEARTBEAT] SimTick: 210 | NetHead: 209 | Confirmed: 122 | Missing: 88 | StateHash: 0x7DADB4B9
[P0] [DIAGNOSTIC] Peer Ticks: P1:209 P2:209 P3:209 P4:122 P5:205 P6:135 P7:205 
[P0] [HEARTBEAT] SimTick: 210 | NetHead: 209 | Confirmed: 122 | Missing: 88 | StateHash: 0x7DADB4B9
[P1] [DIAGNOSTIC] Peer Ticks: P0:209 P2:209 P3:209 P4:122 P5:205 P6:135 P7:205 
[P1] [HEARTBEAT] SimTick: 210 | NetHead: 209 | Confirmed: 122 | Missing: 88 | StateHash: 0x7DADB4B9
[P3] [DIAGNOSTIC] Peer Ticks: P0:209 P1:209 P2:209 P4:122 P5:205 P6:135 P7:205 
[P3] [HEARTBEAT] SimTick: 210 | NetHead: 209 | Confirmed: 122 | Missing: 88 | StateHash: 0x7DADB4B9
[P2] [DIAGNOSTIC] Peer Ticks: P0:209 P1:209 P3:209 P4:122 P5:205 P6:135 P7:205 
[P2] [HEARTBEAT] SimTick: 210 | NetHead: 209 | Confirmed: 122 | Missing: 88 | StateHash: 0x7DADB4B9
[P0] [DIAGNOSTIC] Peer Ticks: P1:209 P2:209 P3:209 P4:122 P5:205 P6:135 P7:205 
[P0] [HEARTBEAT] SimTick: 210 | NetHead: 209 | Confirmed: 122 | Missing: 88 | StateHash: 0x7DADB4B9
[P1] [DIAGNOSTIC] Peer Ticks: P0:209 P2:209 P3:209 P4:122 P5:205 P6:135 P7:205 
[P1] [HEARTBEAT] SimTick: 210 | NetHead: 209 | Confirmed: 122 | Missing: 88 | StateHash: 0x7DADB4B9
[P3] [DIAGNOSTIC] Peer Ticks: P0:209 P1:209 P2:209 P4:122 P5:205 P6:135 P7:205 
[P3] [HEARTBEAT] SimTick: 210 | NetHead: 209 | Confirmed: 122 | Missing: 88 | StateHash: 0x7DADB4B9
[P2] [DIAGNOSTIC] Peer Ticks: P0:209 P1:209 P3:209 P4:122 P5:205 P6:135 P7:205 
[P2] [HEARTBEAT] SimTick: 210 | NetHead: 209 | Confirmed: 122 | Missing: 88 | StateHash: 0x7DADB4B9
[P0] [DIAGNOSTIC] Peer Ticks: P1:209 P2:209 P3:209 P4:122 P5:205 P6:135 P7:205 
[P0] [HEARTBEAT] SimTick: 210 | NetHead: 209 | Confirmed: 122 | Missing: 88 | StateHash: 0x7DADB4B9
[P1] [DIAGNOSTIC] Peer Ticks: P0:209 P2:209 P3:209 P4:122 P5:205 P6:135 P7:205 
[P1] [HEARTBEAT] SimTick: 210 | NetHead: 209 | Confirmed: 122 | Missing: 88 | StateHash: 0x7DADB4B9
[P3] [DIAGNOSTIC] Peer Ticks: P0:209 P1:209 P2:209 P4:122 P5:205 P6:135 P7:205 
[P3] [HEARTBEAT] SimTick: 210 | NetHead: 209 | Confirmed: 122 | Missing: 88 | StateHash: 0x7DADB4B9
[P2] [DIAGNOSTIC] Peer Ticks: P0:209 P1:209 P3:209 P4:122 P5:205 P6:135 P7:205 
[P2] [HEARTBEAT] SimTick: 210 | NetHead: 209 | Confirmed: 122 | Missing: 88 | StateHash: 0x7DADB4B9
[P0] [DIAGNOSTIC] Peer Ticks: P1:209 P2:209 P3:209 P4:122 P5:205 P6:135 P7:205 
[P0] [HEARTBEAT] SimTick: 210 | NetHead: 209 | Confirmed: 122 | Missing: 88 | StateHash: 0x7DADB4B9
[P1] [DIAGNOSTIC] Peer Ticks: P0:209 P2:209 P3:209 P4:122 P5:205 P6:135 P7:205 
[P1] [HEARTBEAT] SimTick: 210 | NetHead: 209 | Confirmed: 122 | Missing: 88 | StateHash: 0x7DADB4B9
[P3] [DIAGNOSTIC] Peer Ticks: P0:209 P1:209 P2:209 P4:122 P5:205 P6:135 P7:205 
[P3] [HEARTBEAT] SimTick: 210 | NetHead: 209 | Confirmed: 122 | Missing: 88 | StateHash: 0x7DADB4B9
[P2] [DIAGNOSTIC] Peer Ticks: P0:209 P1:209 P3:209 P4:122 P5:205 P6:135 P7:205 
[P2] [HEARTBEAT] SimTick: 210 | NetHead: 209 | Confirmed: 122 | Missing: 88 | StateHash: 0x7DADB4B9
[P0] [DIAGNOSTIC] Peer Ticks: P1:209 P2:209 P3:209 P4:122 P5:205 P6:135 P7:205 
[P0] [HEARTBEAT] SimTick: 210 | NetHead: 209 | Confirmed: 122 | Missing: 88 | StateHash: 0x7DADB4B9
[P1] [DIAGNOSTIC] Peer Ticks: P0:209 P2:209 P3:209 P4:122 P5:205 P6:135 P7:205 
[P1] [HEARTBEAT] SimTick: 210 | NetHead: 209 | Confirmed: 122 | Missing: 88 | StateHash: 0x7DADB4B9
[P3] [DIAGNOSTIC] Peer Ticks: P0:209 P1:209 P2:209 P4:122 P5:205 P6:135 P7:205 
[P3] [HEARTBEAT] SimTick: 210 | NetHead: 209 | Confirmed: 122 | Missing: 88 | StateHash: 0x7DADB4B9
[P2] [DIAGNOSTIC] Peer Ticks: P0:209 P1:209 P3:209 P4:122 P5:205 P6:135 P7:205 
[P2] [HEARTBEAT] SimTick: 210 | NetHead: 209 | Confirmed: 122 | Missing: 88 | StateHash: 0x7DADB4B9
[P0] [DIAGNOSTIC] Peer Ticks: P1:209 P2:209 P3:209 P4:122 P5:205 P6:135 P7:205 
[P0] [HEARTBEAT] SimTick: 210 | NetHead: 209 | Confirmed: 122 | Missing: 88 | StateHash: 0x7DADB4B9
[P1] [DIAGNOSTIC] Peer Ticks: P0:209 P2:209 P3:209 P4:122 P5:205 P6:135 P7:205 
[P1] [HEARTBEAT] SimTick: 210 | NetHead: 209 | Confirmed: 122 | Missing: 88 | StateHash: 0x7DADB4B9
[P3] [DIAGNOSTIC] Peer Ticks: P0:209 P1:209 P2:209 P4:122 P5:205 P6:135 P7:205 
[P3] [HEARTBEAT] SimTick: 210 | NetHead: 209 | Confirmed: 122 | Missing: 88 | StateHash: 0x7DADB4B9
[P2] [DIAGNOSTIC] Peer Ticks: P0:209 P1:209 P3:209 P4:122 P5:205 P6:135 P7:205 
[P2] [HEARTBEAT] SimTick: 210 | NetHead: 209 | Confirmed: 122 | Missing: 88 | StateHash: 0x7DADB4B9
[P0] [DIAGNOSTIC] Peer Ticks: P1:209 P2:209 P3:209 P4:122 P5:205 P6:135 P7:205 
[P0] [HEARTBEAT] SimTick: 210 | NetHead: 209 | Confirmed: 122 | Missing: 88 | StateHash: 0x7DADB4B9
[P1] [DIAGNOSTIC] Peer Ticks: P0:209 P2:209 P3:209 P4:122 P5:205 P6:135 P7:205 
[P1] [HEARTBEAT] SimTick: 210 | NetHead: 209 | Confirmed: 122 | Missing: 88 | StateHash: 0x7DADB4B9
[P3] [DIAGNOSTIC] Peer Ticks: P0:209 P1:209 P2:209 P4:122 P5:205 P6:135 P7:205 
[P3] [HEARTBEAT] SimTick: 210 | NetHead: 209 | Confirmed: 122 | Missing: 88 | StateHash: 0x7DADB4B9
[P2] [DIAGNOSTIC] Peer Ticks: P0:209 P1:209 P3:209 P4:122 P5:205 P6:135 P7:205 
[P2] [HEARTBEAT] SimTick: 210 | NetHead: 209 | Confirmed: 122 | Missing: 88 | StateHash: 0x7DADB4B9
[P0] [DIAGNOSTIC] Peer Ticks: P1:209 P2:209 P3:209 P4:122 P5:205 P6:135 P7:205 
[P0] [HEARTBEAT] SimTick: 210 | NetHead: 209 | Confirmed: 122 | Missing: 88 | StateHash: 0x7DADB4B9
[P1] [DIAGNOSTIC] Peer Ticks: P0:209 P2:209 P3:209 P4:122 P5:205 P6:135 P7:205 
[P1] [HEARTBEAT] SimTick: 210 | NetHead: 209 | Confirmed: 122 | Missing: 88 | StateHash: 0x7DADB4B9
[P3] [DIAGNOSTIC] Peer Ticks: P0:209 P1:209 P2:209 P4:122 P5:205 P6:135 P7:205 
[P3] [HEARTBEAT] SimTick: 210 | NetHead: 209 | Confirmed: 122 | Missing: 88 | StateHash: 0x7DADB4B9
[P2] [DIAGNOSTIC] Peer Ticks: P0:209 P1:209 P3:209 P4:122 P5:205 P6:135 P7:205 
[P2] [HEARTBEAT] SimTick: 210 | NetHead: 209 | Confirmed: 122 | Missing: 88 | StateHash: 0x7DADB4B9
[P0] [DIAGNOSTIC] Peer Ticks: P1:209 P2:209 P3:209 P4:122 P5:205 P6:135 P7:205 
[P0] [HEARTBEAT] SimTick: 210 | NetHead: 209 | Confirmed: 122 | Missing: 88 | StateHash: 0x7DADB4B9
[P1] [DIAGNOSTIC] Peer Ticks: P0:209 P2:209 P3:209 P4:122 P5:205 P6:135 P7:205 
[P1] [HEARTBEAT] SimTick: 210 | NetHead: 209 | Confirmed: 122 | Missing: 88 | StateHash: 0x7DADB4B9
[P3] [DIAGNOSTIC] Peer Ticks: P0:209 P1:209 P2:209 P4:122 P5:205 P6:135 P7:205 
[P3] [HEARTBEAT] SimTick: 210 | NetHead: 209 | Confirmed: 122 | Missing: 88 | StateHash: 0x7DADB4B9
[P2] [DIAGNOSTIC] Peer Ticks: P0:209 P1:209 P3:209 P4:122 P5:205 P6:135 P7:205 
[P2] [HEARTBEAT] SimTick: 210 | NetHead: 209 | Confirmed: 122 | Missing: 88 | StateHash: 0x7DADB4B9
[P0] [DIAGNOSTIC] Peer Ticks: P1:209 P2:209 P3:209 P4:122 P5:205 P6:135 P7:205 
[P0] [HEARTBEAT] SimTick: 210 | NetHead: 209 | Confirmed: 122 | Missing: 88 | StateHash: 0x7DADB4B9
[P1] [DIAGNOSTIC] Peer Ticks: P0:209 P2:209 P3:209 P4:122 P5:205 P6:135 P7:205 
[P1] [HEARTBEAT] SimTick: 210 | NetHead: 209 | Confirmed: 122 | Missing: 88 | StateHash: 0x7DADB4B9
[P3] [DIAGNOSTIC] Peer Ticks: P0:209 P1:209 P2:209 P4:122 P5:205 P6:135 P7:205 
[P3] [HEARTBEAT] SimTick: 210 | NetHead: 209 | Confirmed: 122 | Missing: 88 | StateHash: 0x7DADB4B9
[P2] [DIAGNOSTIC] Peer Ticks: P0:209 P1:209 P3:209 P4:122 P5:205 P6:135 P7:205 
[P2] [HEARTBEAT] SimTick: 210 | NetHead: 209 | Confirmed: 122 | Missing: 88 | StateHash: 0x7DADB4B9
[P0] [DIAGNOSTIC] Peer Ticks: P1:209 P2:209 P3:209 P4:122 P5:205 P6:135 P7:205 
[P0] [HEARTBEAT] SimTick: 210 | NetHead: 209 | Confirmed: 122 | Missing: 88 | StateHash: 0x7DADB4B9
[P1] [DIAGNOSTIC] Peer Ticks: P0:209 P2:209 P3:209 P4:122 P5:205 P6:135 P7:205 
[P1] [HEARTBEAT] SimTick: 210 | NetHead: 209 | Confirmed: 122 | Missing: 88 | StateHash: 0x7DADB4B9
[P3] [DIAGNOSTIC] Peer Ticks: P0:209 P1:209 P2:209 P4:122 P5:205 P6:135 P7:205 
[P3] [HEARTBEAT] SimTick: 210 | NetHead: 209 | Confirmed: 122 | Missing: 88 | StateHash: 0x7DADB4B9
[P2] [DIAGNOSTIC] Peer Ticks: P0:209 P1:209 P3:209 P4:122 P5:205 P6:135 P7:205 
[P2] [HEARTBEAT] SimTick: 210 | NetHead: 209 | Confirmed: 122 | Missing: 88 | StateHash: 0x7DADB4B9
[P0] [DIAGNOSTIC] Peer Ticks: P1:209 P2:209 P3:209 P4:122 P5:205 P6:135 P7:205 
[P0] [HEARTBEAT] SimTick: 210 | NetHead: 209 | Confirmed: 122 | Missing: 88 | StateHash: 0x7DADB4B9
[P1] [DIAGNOSTIC] Peer Ticks: P0:209 P2:209 P3:209 P4:122 P5:205 P6:135 P7:205 
[P1] [HEARTBEAT] SimTick: 210 | NetHead: 209 | Confirmed: 122 | Missing: 88 | StateHash: 0x7DADB4B9
[P3] [DIAGNOSTIC] Peer Ticks: P0:209 P1:209 P2:209 P4:122 P5:205 P6:135 P7:205 
[P3] [HEARTBEAT] SimTick: 210 | NetHead: 209 | Confirmed: 122 | Missing: 88 | StateHash: 0x7DADB4B9
[P2] [DIAGNOSTIC] Peer Ticks: P0:209 P1:209 P3:209 P4:122 P5:205 P6:135 P7:205 
[P2] [HEARTBEAT] SimTick: 210 | NetHead: 209 | Confirmed: 122 | Missing: 88 | StateHash: 0x7DADB4B9
[P0] [DIAGNOSTIC] Peer Ticks: P1:209 P2:209 P3:209 P4:122 P5:205 P6:135 P7:205 
[P0] [HEARTBEAT] SimTick: 210 | NetHead: 209 | Confirmed: 122 | Missing: 88 | StateHash: 0x7DADB4B9
[P1] [DIAGNOSTIC] Peer Ticks: P0:209 P2:209 P3:209 P4:122 P5:205 P6:135 P7:205 
[P1] [HEARTBEAT] SimTick: 210 | NetHead: 209 | Confirmed: 122 | Missing: 88 | StateHash: 0x7DADB4B9
[P3] [DIAGNOSTIC] Peer Ticks: P0:209 P1:209 P2:209 P4:122 P5:205 P6:135 P7:205 
[P3] [HEARTBEAT] SimTick: 210 | NetHead: 209 | Confirmed: 122 | Missing: 88 | StateHash: 0x7DADB4B9
[P2] [DIAGNOSTIC] Peer Ticks: P0:209 P1:209 P3:209 P4:122 P5:205 P6:135 P7:205 
[P2] [HEARTBEAT] SimTick: 210 | NetHead: 209 | Confirmed: 122 | Missing: 88 | StateHash: 0x7DADB4B9
[P0] [DIAGNOSTIC] Peer Ticks: P1:209 P2:209 P3:209 P4:122 P5:205 P6:135 P7:205 
[P0] [HEARTBEAT] SimTick: 210 | NetHead: 209 | Confirmed: 122 | Missing: 88 | StateHash: 0x7DADB4B9
[P1] [DIAGNOSTIC] Peer Ticks: P0:209 P2:209 P3:209 P4:122 P5:205 P6:135 P7:205 
[P1] [HEARTBEAT] SimTick: 210 | NetHead: 209 | Confirmed: 122 | Missing: 88 | StateHash: 0x7DADB4B9
[P3] [DIAGNOSTIC] Peer Ticks: P0:209 P1:209 P2:209 P4:122 P5:205 P6:135 P7:205 
[P3] [HEARTBEAT] SimTick: 210 | NetHead: 209 | Confirmed: 122 | Missing: 88 | StateHash: 0x7DADB4B9
[P2] [DIAGNOSTIC] Peer Ticks: P0:209 P1:209 P3:209 P4:122 P5:205 P6:135 P7:205 
[P2] [HEARTBEAT] SimTick: 210 | NetHead: 209 | Confirmed: 122 | Missing: 88 | StateHash: 0x7DADB4B9
[P0] [DIAGNOSTIC] Peer Ticks: P1:209 P2:209 P3:209 P4:122 P5:205 P6:135 P7:205 
[P0] [HEARTBEAT] SimTick: 210 | NetHead: 209 | Confirmed: 122 | Missing: 88 | StateHash: 0x7DADB4B9
[P1] [DIAGNOSTIC] Peer Ticks: P0:209 P2:209 P3:209 P4:122 P5:205 P6:135 P7:205 
[P1] [HEARTBEAT] SimTick: 210 | NetHead: 209 | Confirmed: 122 | Missing: 88 | StateHash: 0x7DADB4B9
[P3] [DIAGNOSTIC] Peer Ticks: P0:209 P1:209 P2:209 P4:122 P5:205 P6:135 P7:205 
[P3] [HEARTBEAT] SimTick: 210 | NetHead: 209 | Confirmed: 122 | Missing: 88 | StateHash: 0x7DADB4B9
[P2] [DIAGNOSTIC] Peer Ticks: P0:209 P1:209 P3:209 P4:122 P5:205 P6:135 P7:205 
[P2] [HEARTBEAT] SimTick: 210 | NetHead: 209 | Confirmed: 122 | Missing: 88 | StateHash: 0x7DADB4B9
[P0] [DIAGNOSTIC] Peer Ticks: P1:209 P2:209 P3:209 P4:122 P5:205 P6:135 P7:205 
[P0] [HEARTBEAT] SimTick: 210 | NetHead: 209 | Confirmed: 122 | Missing: 88 | StateHash: 0x7DADB4B9
[P1] [DIAGNOSTIC] Peer Ticks: P0:209 P2:209 P3:209 P4:122 P5:205 P6:135 P7:205 
[P1] [HEARTBEAT] SimTick: 210 | NetHead: 209 | Confirmed: 122 | Missing: 88 | StateHash: 0x7DADB4B9
[P3] [DIAGNOSTIC] Peer Ticks: P0:209 P1:209 P2:209 P4:122 P5:205 P6:135 P7:205 
[P3] [HEARTBEAT] SimTick: 210 | NetHead: 209 | Confirmed: 122 | Missing: 88 | StateHash: 0x7DADB4B9
[P2] [DIAGNOSTIC] Peer Ticks: P0:209 P1:209 P3:209 P4:122 P5:205 P6:135 P7:205 
[P2] [HEARTBEAT] SimTick: 210 | NetHead: 209 | Confirmed: 122 | Missing: 88 | StateHash: 0x7DADB4B9
[P0] [DIAGNOSTIC] Peer Ticks: P1:209 P2:209 P3:209 P4:122 P5:205 P6:135 P7:205 
[P0] [HEARTBEAT] SimTick: 210 | NetHead: 209 | Confirmed: 122 | Missing: 88 | StateHash: 0x7DADB4B9
[P1] [DIAGNOSTIC] Peer Ticks: P0:209 P2:209 P3:209 P4:122 P5:205 P6:135 P7:205 
[P1] [HEARTBEAT] SimTick: 210 | NetHead: 209 | Confirmed: 122 | Missing: 88 | StateHash: 0x7DADB4B9
[P3] [DIAGNOSTIC] Peer Ticks: P0:209 P1:209 P2:209 P4:122 P5:205 P6:135 P7:205 
[P3] [HEARTBEAT] SimTick: 210 | NetHead: 209 | Confirmed: 122 | Missing: 88 | StateHash: 0x7DADB4B9
[P2] [DIAGNOSTIC] Peer Ticks: P0:209 P1:209 P3:209 P4:122 P5:205 P6:135 P7:205 
[P2] [HEARTBEAT] SimTick: 210 | NetHead: 209 | Confirmed: 122 | Missing: 88 | StateHash: 0x7DADB4B9
[P0] [DIAGNOSTIC] Peer Ticks: P1:209 P2:209 P3:209 P4:122 P5:205 P6:135 P7:205 
[P0] [HEARTBEAT] SimTick: 210 | NetHead: 209 | Confirmed: 122 | Missing: 88 | StateHash: 0x7DADB4B9
[P1] [DIAGNOSTIC] Peer Ticks: P0:209 P2:209 P3:209 P4:122 P5:205 P6:135 P7:205 
[P1] [HEARTBEAT] SimTick: 210 | NetHead: 209 | Confirmed: 122 | Missing: 88 | StateHash: 0x7DADB4B9
[P3] [DIAGNOSTIC] Peer Ticks: P0:209 P1:209 P2:209 P4:122 P5:205 P6:135 P7:205 
[P3] [HEARTBEAT] SimTick: 210 | NetHead: 209 | Confirmed: 122 | Missing: 88 | StateHash: 0x7DADB4B9
[P2] [DIAGNOSTIC] Peer Ticks: P0:209 P1:209 P3:209 P4:122 P5:205 P6:135 P7:205 
[P2] [HEARTBEAT] SimTick: 210 | NetHead: 209 | Confirmed: 122 | Missing: 88 | StateHash: 0x7DADB4B9
[P0] [DIAGNOSTIC] Peer Ticks: P1:209 P2:209 P3:209 P4:122 P5:205 P6:135 P7:205 
[P0] [HEARTBEAT] SimTick: 210 | NetHead: 209 | Confirmed: 122 | Missing: 88 | StateHash: 0x7DADB4B9
[P1] [DIAGNOSTIC] Peer Ticks: P0:209 P2:209 P3:209 P4:122 P5:205 P6:135 P7:205 
[P1] [HEARTBEAT] SimTick: 210 | NetHead: 209 | Confirmed: 122 | Missing: 88 | StateHash: 0x7DADB4B9
[P3] [DIAGNOSTIC] Peer Ticks: P0:209 P1:209 P2:209 P4:122 P5:205 P6:135 P7:205 
[P3] [HEARTBEAT] SimTick: 210 | NetHead: 209 | Confirmed: 122 | Missing: 88 | StateHash: 0x7DADB4B9
[P2] [DIAGNOSTIC] Peer Ticks: P0:209 P1:209 P3:209 P4:122 P5:205 P6:135 P7:205 
[P2] [HEARTBEAT] SimTick: 210 | NetHead: 209 | Confirmed: 122 | Missing: 88 | StateHash: 0x7DADB4B9
[P0] [DIAGNOSTIC] Peer Ticks: P1:209 P2:209 P3:209 P4:122 P5:205 P6:135 P7:205 
[P0] [HEARTBEAT] SimTick: 210 | NetHead: 209 | Confirmed: 122 | Missing: 88 | StateHash: 0x7DADB4B9
[P1] [DIAGNOSTIC] Peer Ticks: P0:209 P2:209 P3:209 P4:122 P5:205 P6:135 P7:205 
[P1] [HEARTBEAT] SimTick: 210 | NetHead: 209 | Confirmed: 122 | Missing: 88 | StateHash: 0x7DADB4B9
[P3] [DIAGNOSTIC] Peer Ticks: P0:209 P1:209 P2:209 P4:122 P5:205 P6:135 P7:205 
[P3] [HEARTBEAT] SimTick: 210 | NetHead: 209 | Confirmed: 122 | Missing: 88 | StateHash: 0x7DADB4B9
[P2] [DIAGNOSTIC] Peer Ticks: P0:209 P1:209 P3:209 P4:122 P5:205 P6:135 P7:205 
[P2] [HEARTBEAT] SimTick: 210 | NetHead: 209 | Confirmed: 122 | Missing: 88 | StateHash: 0x7DADB4B9
[P0] [DIAGNOSTIC] Peer Ticks: P1:209 P2:209 P3:209 P4:122 P5:205 P6:135 P7:205 
[P0] [HEARTBEAT] SimTick: 210 | NetHead: 209 | Confirmed: 122 | Missing: 88 | StateHash: 0x7DADB4B9
[P1] [DIAGNOSTIC] Peer Ticks: P0:209 P2:209 P3:209 P4:122 P5:205 P6:135 P7:205 
[P1] [HEARTBEAT] SimTick: 210 | NetHead: 209 | Confirmed: 122 | Missing: 88 | StateHash: 0x7DADB4B9
[P3] [DIAGNOSTIC] Peer Ticks: P0:209 P1:209 P2:209 P4:122 P5:205 P6:135 P7:205 
[P3] [HEARTBEAT] SimTick: 210 | NetHead: 209 | Confirmed: 122 | Missing: 88 | StateHash: 0x7DADB4B9
[P2] [DIAGNOSTIC] Peer Ticks: P0:209 P1:209 P3:209 P4:122 P5:205 P6:135 P7:205 
[P2] [HEARTBEAT] SimTick: 210 | NetHead: 209 | Confirmed: 122 | Missing: 88 | StateHash: 0x7DADB4B9
[P0] [DIAGNOSTIC] Peer Ticks: P1:209 P2:209 P3:209 P4:122 P5:205 P6:135 P7:205 
[P0] [HEARTBEAT] SimTick: 210 | NetHead: 209 | Confirmed: 122 | Missing: 88 | StateHash: 0x7DADB4B9
[P1] [DIAGNOSTIC] Peer Ticks: P0:209 P2:209 P3:209 P4:122 P5:205 P6:135 P7:205 
[P1] [HEARTBEAT] SimTick: 210 | NetHead: 209 | Confirmed: 122 | Missing: 88 | StateHash: 0x7DADB4B9
[P3] [DIAGNOSTIC] Peer Ticks: P0:209 P1:209 P2:209 P4:122 P5:205 P6:135 P7:205 
[P3] [HEARTBEAT] SimTick: 210 | NetHead: 209 | Confirmed: 122 | Missing: 88 | StateHash: 0x7DADB4B9
[P2] [DIAGNOSTIC] Peer Ticks: P0:209 P1:209 P3:209 P4:122 P5:205 P6:135 P7:205 
[P2] [HEARTBEAT] SimTick: 210 | NetHead: 209 | Confirmed: 122 | Missing: 88 | StateHash: 0x7DADB4B9
[P0] [DIAGNOSTIC] Peer Ticks: P1:209 P2:209 P3:209 P4:122 P5:205 P6:135 P7:205 
[P0] [HEARTBEAT] SimTick: 210 | NetHead: 209 | Confirmed: 122 | Missing: 88 | StateHash: 0x7DADB4B9
[P1] [DIAGNOSTIC] Peer Ticks: P0:209 P2:209 P3:209 P4:122 P5:205 P6:135 P7:205 
[P1] [HEARTBEAT] SimTick: 210 | NetHead: 209 | Confirmed: 122 | Missing: 88 | StateHash: 0x7DADB4B9
[P3] [DIAGNOSTIC] Peer Ticks: P0:209 P1:209 P2:209 P4:122 P5:205 P6:135 P7:205 
[P3] [HEARTBEAT] SimTick: 210 | NetHead: 209 | Confirmed: 122 | Missing: 88 | StateHash: 0x7DADB4B9
[P2] [DIAGNOSTIC] Peer Ticks: P0:209 P1:209 P3:209 P4:122 P5:205 P6:135 P7:205 
[P2] [HEARTBEAT] SimTick: 210 | NetHead: 209 | Confirmed: 122 | Missing: 88 | StateHash: 0x7DADB4B9
[P0] [DIAGNOSTIC] Peer Ticks: P1:209 P2:209 P3:209 P4:122 P5:205 P6:135 P7:205 
[P0] [HEARTBEAT] SimTick: 210 | NetHead: 209 | Confirmed: 122 | Missing: 88 | StateHash: 0x7DADB4B9
[P1] [DIAGNOSTIC] Peer Ticks: P0:209 P2:209 P3:209 P4:122 P5:205 P6:135 P7:205 
[P1] [HEARTBEAT] SimTick: 210 | NetHead: 209 | Confirmed: 122 | Missing: 88 | StateHash: 0x7DADB4B9
[P3] [DIAGNOSTIC] Peer Ticks: P0:209 P1:209 P2:209 P4:122 P5:205 P6:135 P7:205 
[P3] [HEARTBEAT] SimTick: 210 | NetHead: 209 | Confirmed: 122 | Missing: 88 | StateHash: 0x7DADB4B9
[P2] [DIAGNOSTIC] Peer Ticks: P0:209 P1:209 P3:209 P4:122 P5:205 P6:135 P7:205 
[P2] [HEARTBEAT] SimTick: 210 | NetHead: 209 | Confirmed: 122 | Missing: 88 | StateHash: 0x7DADB4B9
[P0] [DIAGNOSTIC] Peer Ticks: P1:209 P2:209 P3:209 P4:122 P5:205 P6:135 P7:205 
[P0] [HEARTBEAT] SimTick: 210 | NetHead: 209 | Confirmed: 122 | Missing: 88 | StateHash: 0x7DADB4B9
[P1] [DIAGNOSTIC] Peer Ticks: P0:209 P2:209 P3:209 P4:122 P5:205 P6:135 P7:205 
[P1] [HEARTBEAT] SimTick: 210 | NetHead: 209 | Confirmed: 122 | Missing: 88 | StateHash: 0x7DADB4B9
[P3] [DIAGNOSTIC] Peer Ticks: P0:209 P1:209 P2:209 P4:122 P5:205 P6:135 P7:205 
[P3] [HEARTBEAT] SimTick: 210 | NetHead: 209 | Confirmed: 122 | Missing: 88 | StateHash: 0x7DADB4B9
[P2] [DIAGNOSTIC] Peer Ticks: P0:209 P1:209 P3:209 P4:122 P5:205 P6:135 P7:205 
[P2] [HEARTBEAT] SimTick: 210 | NetHead: 209 | Confirmed: 122 | Missing: 88 | StateHash: 0x7DADB4B9
[P0] [DIAGNOSTIC] Peer Ticks: P1:209 P2:209 P3:209 P4:122 P5:205 P6:135 P7:205 
[P0] [HEARTBEAT] SimTick: 210 | NetHead: 209 | Confirmed: 122 | Missing: 88 | StateHash: 0x7DADB4B9
[P1] [DIAGNOSTIC] Peer Ticks: P0:209 P2:209 P3:209 P4:122 P5:205 P6:135 P7:205 
[P1] [HEARTBEAT] SimTick: 210 | NetHead: 209 | Confirmed: 122 | Missing: 88 | StateHash: 0x7DADB4B9
[P3] [DIAGNOSTIC] Peer Ticks: P0:209 P1:209 P2:209 P4:122 P5:205 P6:135 P7:205 
[P3] [HEARTBEAT] SimTick: 210 | NetHead: 209 | Confirmed: 122 | Missing: 88 | StateHash: 0x7DADB4B9
[P2] [DIAGNOSTIC] Peer Ticks: P0:209 P1:209 P3:209 P4:122 P5:205 P6:135 P7:205 
[P2] [HEARTBEAT] SimTick: 210 | NetHead: 209 | Confirmed: 122 | Missing: 88 | StateHash: 0x7DADB4B9
[P0] [DIAGNOSTIC] Peer Ticks: P1:209 P2:209 P3:209 P4:122 P5:205 P6:135 P7:205 
[P0] [HEARTBEAT] SimTick: 210 | NetHead: 209 | Confirmed: 122 | Missing: 88 | StateHash: 0x7DADB4B9
[P1] [DIAGNOSTIC] Peer Ticks: P0:209 P2:209 P3:209 P4:122 P5:205 P6:135 P7:205 
[P1] [HEARTBEAT] SimTick: 210 | NetHead: 209 | Confirmed: 122 | Missing: 88 | StateHash: 0x7DADB4B9
[P3] [DIAGNOSTIC] Peer Ticks: P0:209 P1:209 P2:209 P4:122 P5:205 P6:135 P7:205 
[P3] [HEARTBEAT] SimTick: 210 | NetHead: 209 | Confirmed: 122 | Missing: 88 | StateHash: 0x7DADB4B9
[P2] [DIAGNOSTIC] Peer Ticks: P0:209 P1:209 P3:209 P4:122 P5:205 P6:135 P7:205 
[P2] [HEARTBEAT] SimTick: 210 | NetHead: 209 | Confirmed: 122 | Missing: 88 | StateHash: 0x7DADB4B9
[P0] [DIAGNOSTIC] Peer Ticks: P1:209 P2:209 P3:209 P4:122 P5:205 P6:135 P7:205 
[P0] [HEARTBEAT] SimTick: 210 | NetHead: 209 | Confirmed: 122 | Missing: 88 | StateHash: 0x7DADB4B9
[P1] [DIAGNOSTIC] Peer Ticks: P0:209 P2:209 P3:209 P4:122 P5:205 P6:135 P7:205 
[P1] [HEARTBEAT] SimTick: 210 | NetHead: 209 | Confirmed: 122 | Missing: 88 | StateHash: 0x7DADB4B9
[P3] [DIAGNOSTIC] Peer Ticks: P0:209 P1:209 P2:209 P4:122 P5:205 P6:135 P7:205 
[P3] [HEARTBEAT] SimTick: 210 | NetHead: 209 | Confirmed: 122 | Missing: 88 | StateHash: 0x7DADB4B9
[P2] [DIAGNOSTIC] Peer Ticks: P0:209 P1:209 P3:209 P4:122 P5:205 P6:135 P7:205 
[P2] [HEARTBEAT] SimTick: 210 | NetHead: 209 | Confirmed: 122 | Missing: 88 | StateHash: 0x7DADB4B9
[P0] [DIAGNOSTIC] Peer Ticks: P1:209 P2:209 P3:209 P4:122 P5:205 P6:135 P7:205 
[P0] [HEARTBEAT] SimTick: 210 | NetHead: 209 | Confirmed: 122 | Missing: 88 | StateHash: 0x7DADB4B9
[P1] [DIAGNOSTIC] Peer Ticks: P0:209 P2:209 P3:209 P4:122 P5:205 P6:135 P7:205 
[P1] [HEARTBEAT] SimTick: 210 | NetHead: 209 | Confirmed: 122 | Missing: 88 | StateHash: 0x7DADB4B9
[P3] [DIAGNOSTIC] Peer Ticks: P0:209 P1:209 P2:209 P4:122 P5:205 P6:135 P7:205 
[P3] [HEARTBEAT] SimTick: 210 | NetHead: 209 | Confirmed: 122 | Missing: 88 | StateHash: 0x7DADB4B9
[P2] [DIAGNOSTIC] Peer Ticks: P0:209 P1:209 P3:209 P4:122 P5:205 P6:135 P7:205 
[P2] [HEARTBEAT] SimTick: 210 | NetHead: 209 | Confirmed: 122 | Missing: 88 | StateHash: 0x7DADB4B9
[P0] [DIAGNOSTIC] Peer Ticks: P1:209 P2:209 P3:209 P4:122 P5:205 P6:135 P7:205 
[P0] [HEARTBEAT] SimTick: 210 | NetHead: 209 | Confirmed: 122 | Missing: 88 | StateHash: 0x7DADB4B9
[P1] [DIAGNOSTIC] Peer Ticks: P0:209 P2:209 P3:209 P4:122 P5:205 P6:135 P7:205 
[P1] [HEARTBEAT] SimTick: 210 | NetHead: 209 | Confirmed: 122 | Missing: 88 | StateHash: 0x7DADB4B9
[P3] [DIAGNOSTIC] Peer Ticks: P0:209 P1:209 P2:209 P4:122 P5:205 P6:135 P7:205 
[P3] [HEARTBEAT] SimTick: 210 | NetHead: 209 | Confirmed: 122 | Missing: 88 | StateHash: 0x7DADB4B9
[P2] [DIAGNOSTIC] Peer Ticks: P0:209 P1:209 P3:209 P4:122 P5:205 P6:135 P7:205 
[P2] [HEARTBEAT] SimTick: 210 | NetHead: 209 | Confirmed: 122 | Missing: 88 | StateHash: 0x7DADB4B9
[P0] [DIAGNOSTIC] Peer Ticks: P1:209 P2:209 P3:209 P4:122 P5:205 P6:135 P7:205 
[P0] [HEARTBEAT] SimTick: 210 | NetHead: 209 | Confirmed: 122 | Missing: 88 | StateHash: 0x7DADB4B9
[P1] [DIAGNOSTIC] Peer Ticks: P0:209 P2:209 P3:209 P4:122 P5:205 P6:135 P7:205 
[P1] [HEARTBEAT] SimTick: 210 | NetHead: 209 | Confirmed: 122 | Missing: 88 | StateHash: 0x7DADB4B9
[P3] [DIAGNOSTIC] Peer Ticks: P0:209 P1:209 P2:209 P4:122 P5:205 P6:135 P7:205 
[P3] [HEARTBEAT] SimTick: 210 | NetHead: 209 | Confirmed: 122 | Missing: 88 | StateHash: 0x7DADB4B9
[P2] [DIAGNOSTIC] Peer Ticks: P0:209 P1:209 P3:209 P4:122 P5:205 P6:135 P7:205 
[P2] [HEARTBEAT] SimTick: 210 | NetHead: 209 | Confirmed: 122 | Missing: 88 | StateHash: 0x7DADB4B9
[P0] [DIAGNOSTIC] Peer Ticks: P1:209 P2:209 P3:209 P4:122 P5:205 P6:135 P7:205 
[P0] [HEARTBEAT] SimTick: 210 | NetHead: 209 | Confirmed: 122 | Missing: 88 | StateHash: 0x7DADB4B9
[P1] [DIAGNOSTIC] Peer Ticks: P0:209 P2:209 P3:209 P4:122 P5:205 P6:135 P7:205 
[P1] [HEARTBEAT] SimTick: 210 | NetHead: 209 | Confirmed: 122 | Missing: 88 | StateHash: 0x7DADB4B9
[P3] [DIAGNOSTIC] Peer Ticks: P0:209 P1:209 P2:209 P4:122 P5:205 P6:135 P7:205 
[P3] [HEARTBEAT] SimTick: 210 | NetHead: 209 | Confirmed: 122 | Missing: 88 | StateHash: 0x7DADB4B9
[P2] [DIAGNOSTIC] Peer Ticks: P0:209 P1:209 P3:209 P4:122 P5:205 P6:135 P7:205 
[P2] [HEARTBEAT] SimTick: 210 | NetHead: 209 | Confirmed: 122 | Missing: 88 | StateHash: 0x7DADB4B9
[P0] [DIAGNOSTIC] Peer Ticks: P1:209 P2:209 P3:209 P4:122 P5:205 P6:135 P7:205 
[P0] [HEARTBEAT] SimTick: 210 | NetHead: 209 | Confirmed: 122 | Missing: 88 | StateHash: 0x7DADB4B9
[P1] [DIAGNOSTIC] Peer Ticks: P0:209 P2:209 P3:209 P4:122 P5:205 P6:135 P7:205 
[P1] [HEARTBEAT] SimTick: 210 | NetHead: 209 | Confirmed: 122 | Missing: 88 | StateHash: 0x7DADB4B9
[P3] [DIAGNOSTIC] Peer Ticks: P0:209 P1:209 P2:209 P4:122 P5:205 P6:135 P7:205 
[P3] [HEARTBEAT] SimTick: 210 | NetHead: 209 | Confirmed: 122 | Missing: 88 | StateHash: 0x7DADB4B9
[P2] [DIAGNOSTIC] Peer Ticks: P0:209 P1:209 P3:209 P4:122 P5:205 P6:135 P7:205 
[P2] [HEARTBEAT] SimTick: 210 | NetHead: 209 | Confirmed: 122 | Missing: 88 | StateHash: 0x7DADB4B9
[P0] [DIAGNOSTIC] Peer Ticks: P1:209 P2:209 P3:209 P4:122 P5:205 P6:135 P7:205 
[P0] [HEARTBEAT] SimTick: 210 | NetHead: 209 | Confirmed: 122 | Missing: 88 | StateHash: 0x7DADB4B9
[P1] [DIAGNOSTIC] Peer Ticks: P0:209 P2:209 P3:209 P4:122 P5:205 P6:135 P7:205 
[P1] [HEARTBEAT] SimTick: 210 | NetHead: 209 | Confirmed: 122 | Missing: 88 | StateHash: 0x7DADB4B9
[P3] [DIAGNOSTIC] Peer Ticks: P0:209 P1:209 P2:209 P4:122 P5:205 P6:135 P7:205 
[P3] [HEARTBEAT] SimTick: 210 | NetHead: 209 | Confirmed: 122 | Missing: 88 | StateHash: 0x7DADB4B9
[P2] [DIAGNOSTIC] Peer Ticks: P0:209 P1:209 P3:209 P4:122 P5:205 P6:135 P7:205 
[P2] [HEARTBEAT] SimTick: 210 | NetHead: 209 | Confirmed: 122 | Missing: 88 | StateHash: 0x7DADB4B9
[P0] [DIAGNOSTIC] Peer Ticks: P1:209 P2:209 P3:209 P4:122 P5:205 P6:135 P7:205 
[P0] [HEARTBEAT] SimTick: 210 | NetHead: 209 | Confirmed: 122 | Missing: 88 | StateHash: 0x7DADB4B9
[P1] [DIAGNOSTIC] Peer Ticks: P0:209 P2:209 P3:209 P4:122 P5:205 P6:135 P7:205 
[P1] [HEARTBEAT] SimTick: 210 | NetHead: 209 | Confirmed: 122 | Missing: 88 | StateHash: 0x7DADB4B9
[P3] [DIAGNOSTIC] Peer Ticks: P0:209 P1:209 P2:209 P4:122 P5:205 P6:135 P7:205 
[P3] [HEARTBEAT] SimTick: 210 | NetHead: 209 | Confirmed: 122 | Missing: 88 | StateHash: 0x7DADB4B9
[P2] [DIAGNOSTIC] Peer Ticks: P0:209 P1:209 P3:209 P4:122 P5:205 P6:135 P7:205 
[P2] [HEARTBEAT] SimTick: 210 | NetHead: 209 | Confirmed: 122 | Missing: 88 | StateHash: 0x7DADB4B9
[P0] [DIAGNOSTIC] Peer Ticks: P1:209 P2:209 P3:209 P4:122 P5:205 P6:135 P7:205 
[P0] [HEARTBEAT] SimTick: 210 | NetHead: 209 | Confirmed: 122 | Missing: 88 | StateHash: 0x7DADB4B9
[P1] [DIAGNOSTIC] Peer Ticks: P0:209 P2:209 P3:209 P4:122 P5:205 P6:135 P7:205 
[P1] [HEARTBEAT] SimTick: 210 | NetHead: 209 | Confirmed: 122 | Missing: 88 | StateHash: 0x7DADB4B9
[P3] [DIAGNOSTIC] Peer Ticks: P0:209 P1:209 P2:209 P4:122 P5:205 P6:135 P7:205 
[P3] [HEARTBEAT] SimTick: 210 | NetHead: 209 | Confirmed: 122 | Missing: 88 | StateHash: 0x7DADB4B9
[P2] [DIAGNOSTIC] Peer Ticks: P0:209 P1:209 P3:209 P4:122 P5:205 P6:135 P7:205 
[P2] [HEARTBEAT] SimTick: 210 | NetHead: 209 | Confirmed: 122 | Missing: 88 | StateHash: 0x7DADB4B9
[P0] [DIAGNOSTIC] Peer Ticks: P1:209 P2:209 P3:209 P4:122 P5:205 P6:135 P7:205 
[P0] [HEARTBEAT] SimTick: 210 | NetHead: 209 | Confirmed: 122 | Missing: 88 | StateHash: 0x7DADB4B9
[P1] [DIAGNOSTIC] Peer Ticks: P0:209 P2:209 P3:209 P4:122 P5:205 P6:135 P7:205 
[P1] [HEARTBEAT] SimTick: 210 | NetHead: 209 | Confirmed: 122 | Missing: 88 | StateHash: 0x7DADB4B9
[P3] [DIAGNOSTIC] Peer Ticks: P0:209 P1:209 P2:209 P4:122 P5:205 P6:135 P7:205 
[P3] [HEARTBEAT] SimTick: 210 | NetHead: 209 | Confirmed: 122 | Missing: 88 | StateHash: 0x7DADB4B9
[P2] C:\msys64\mingw64\bin\luajit: interrupted!
[P0] C:\msys64\mingw64\bin\luajit: interrupted!
