Enter Node ID (0-7) OR Preferred Local Port (e.g., 50000): 
> [STUN] Querying external NAT edges at 138.199.152.240:3478...
[STUN] Discovery successful. External mapped endpoint: 176.1.248.254:7941

[MATCHMAKING] Select Mode: (H)ost New Game or (J)oin Existing Lobby
> [MATCHMAKER] Requesting new lobby...
[MATCHMAKER] Hosted Lobby, holding room: C9FD
[MATCHMAKER] Polling quorum status. Waiting for 'locked'...
[MATCHMAKER] Quorum reached (8/8). Lobby is LOCKED.
[SYSTEM] Assigning Identity: Node 0. Meshing topology...
[ICE] Node 1 is local loopback. P2P bypassed.
[ICE] Node 2 is local loopback. P2P bypassed.
[ICE] Node 3 is local loopback. P2P bypassed.
[ICE] Quorum locked. Blasting P2P tokens for 4.84 seconds...
[ICE] Sync window closed. Evaluating routing topologies...
[ROUTING] Node 1 -> P2P [DIRECT RESIDENTIAL]
[ROUTING] Node 2 -> P2P [DIRECT RESIDENTIAL]
[ROUTING] Node 3 -> P2P [DIRECT RESIDENTIAL]
[ROUTING] Node 4 -> P2P [FAILED]. Falling back to Hetzner Relay.
[ROUTING] Node 5 -> P2P [FAILED]. Falling back to Hetzner Relay.
[ROUTING] Node 6 -> P2P [FAILED]. Falling back to Hetzner Relay.
[ROUTING] Node 7 -> P2P [FAILED]. Falling back to Hetzner Relay.
[SYSTEM] All routes bound. Drop-in complete.
[SYSTEM] Topology Locked. Sleeping 4.84 seconds for global sync...
[SYSTEM] Drop-in complete. Entering pristine FSM loop.
[DIAGNOSTIC] Peer Ticks: P1:50 P2:66 P3:81 P4:27 P5:42 P6:54 P7:32 
[HEARTBEAT] SimTick: 61 | NetHead: 60 | Confirmed: 27 | Missing: 34 | StateHash: 0xA11913F9
[DIAGNOSTIC] Peer Ticks: P1:110 P2:126 P3:141 P4:83 P5:99 P6:111 P7:88 
[HEARTBEAT] SimTick: 121 | NetHead: 120 | Confirmed: 83 | Missing: 38 | StateHash: 0xECC76E50
[DIAGNOSTIC] Peer Ticks: P1:170 P2:186 P3:201 P4:122 P5:161 P6:135 P7:150 
[HEARTBEAT] SimTick: 181 | NetHead: 180 | Confirmed: 122 | Missing: 59 | StateHash: 0xBF0E5DA8
[DIAGNOSTIC] Peer Ticks: P1:209 P2:209 P3:209 P4:122 P5:205 P6:135 P7:205 
[HEARTBEAT] SimTick: 210 | NetHead: 209 | Confirmed: 122 | Missing: 88 | StateHash: 0x7DADB4B9
[DIAGNOSTIC] Peer Ticks: P1:209 P2:209 P3:209 P4:122 P5:205 P6:135 P7:205 
[HEARTBEAT] SimTick: 210 | NetHead: 209 | Confirmed: 122 | Missing: 88 | StateHash: 0x7DADB4B9
[DIAGNOSTIC] Peer Ticks: P1:209 P2:209 P3:209 P4:122 P5:205 P6:135 P7:205 
[HEARTBEAT] SimTick: 210 | NetHead: 209 | Confirmed: 122 | Missing: 88 | StateHash: 0x7DADB4B9
[DIAGNOSTIC] Peer Ticks: P1:209 P2:209 P3:209 P4:122 P5:205 P6:135 P7:205 
[HEARTBEAT] SimTick: 210 | NetHead: 209 | Confirmed: 122 | Missing: 88 | StateHash: 0x7DADB4B9
[DIAGNOSTIC] Peer Ticks: P1:209 P2:209 P3:209 P4:122 P5:205 P6:135 P7:205 
[HEARTBEAT] SimTick: 210 | NetHead: 209 | Confirmed: 122 | Missing: 88 | StateHash: 0x7DADB4B9
[DIAGNOSTIC] Peer Ticks: P1:209 P2:209 P3:209 P4:122 P5:205 P6:135 P7:205 
[HEARTBEAT] SimTick: 210 | NetHead: 209 | Confirmed: 122 | Missing: 88 | StateHash: 0x7DADB4B9
[DIAGNOSTIC] Peer Ticks: P1:209 P2:209 P3:209 P4:122 P5:205 P6:135 P7:205 
[HEARTBEAT] SimTick: 210 | NetHead: 209 | Confirmed: 122 | Missing: 88 | StateHash: 0x7DADB4B9
[DIAGNOSTIC] Peer Ticks: P1:209 P2:209 P3:209 P4:122 P5:205 P6:135 P7:205 
[HEARTBEAT] SimTick: 210 | NetHead: 209 | Confirmed: 122 | Missing: 88 | StateHash: 0x7DADB4B9
[DIAGNOSTIC] Peer Ticks: P1:209 P2:209 P3:209 P4:122 P5:205 P6:135 P7:205 
[HEARTBEAT] SimTick: 210 | NetHead: 209 | Confirmed: 122 | Missing: 88 | StateHash: 0x7DADB4B9
[DIAGNOSTIC] Peer Ticks: P1:209 P2:209 P3:209 P4:122 P5:205 P6:135 P7:205 
[HEARTBEAT] SimTick: 210 | NetHead: 209 | Confirmed: 122 | Missing: 88 | StateHash: 0x7DADB4B9
[DIAGNOSTIC] Peer Ticks: P1:209 P2:209 P3:209 P4:122 P5:205 P6:135 P7:205 
[HEARTBEAT] SimTick: 210 | NetHead: 209 | Confirmed: 122 | Missing: 88 | StateHash: 0x7DADB4B9
[DIAGNOSTIC] Peer Ticks: P1:209 P2:209 P3:209 P4:122 P5:205 P6:135 P7:205 
[HEARTBEAT] SimTick: 210 | NetHead: 209 | Confirmed: 122 | Missing: 88 | StateHash: 0x7DADB4B9
[DIAGNOSTIC] Peer Ticks: P1:209 P2:209 P3:209 P4:122 P5:205 P6:135 P7:205 
[HEARTBEAT] SimTick: 210 | NetHead: 209 | Confirmed: 122 | Missing: 88 | StateHash: 0x7DADB4B9
[DIAGNOSTIC] Peer Ticks: P1:209 P2:209 P3:209 P4:122 P5:205 P6:135 P7:205 
[HEARTBEAT] SimTick: 210 | NetHead: 209 | Confirmed: 122 | Missing: 88 | StateHash: 0x7DADB4B9
[DIAGNOSTIC] Peer Ticks: P1:209 P2:209 P3:209 P4:122 P5:205 P6:135 P7:205 
[HEARTBEAT] SimTick: 210 | NetHead: 209 | Confirmed: 122 | Missing: 88 | StateHash: 0x7DADB4B9
[DIAGNOSTIC] Peer Ticks: P1:209 P2:209 P3:209 P4:122 P5:205 P6:135 P7:205 
[HEARTBEAT] SimTick: 210 | NetHead: 209 | Confirmed: 122 | Missing: 88 | StateHash: 0x7DADB4B9
[DIAGNOSTIC] Peer Ticks: P1:209 P2:209 P3:209 P4:122 P5:205 P6:135 P7:205 
[HEARTBEAT] SimTick: 210 | NetHead: 209 | Confirmed: 122 | Missing: 88 | StateHash: 0x7DADB4B9
[DIAGNOSTIC] Peer Ticks: P1:209 P2:209 P3:209 P4:122 P5:205 P6:135 P7:205 
[HEARTBEAT] SimTick: 210 | NetHead: 209 | Confirmed: 122 | Missing: 88 | StateHash: 0x7DADB4B9
[DIAGNOSTIC] Peer Ticks: P1:209 P2:209 P3:209 P4:122 P5:205 P6:135 P7:205 
[HEARTBEAT] SimTick: 210 | NetHead: 209 | Confirmed: 122 | Missing: 88 | StateHash: 0x7DADB4B9
[DIAGNOSTIC] Peer Ticks: P1:209 P2:209 P3:209 P4:122 P5:205 P6:135 P7:205 
[HEARTBEAT] SimTick: 210 | NetHead: 209 | Confirmed: 122 | Missing: 88 | StateHash: 0x7DADB4B9
[DIAGNOSTIC] Peer Ticks: P1:209 P2:209 P3:209 P4:122 P5:205 P6:135 P7:205 
[HEARTBEAT] SimTick: 210 | NetHead: 209 | Confirmed: 122 | Missing: 88 | StateHash: 0x7DADB4B9
[DIAGNOSTIC] Peer Ticks: P1:209 P2:209 P3:209 P4:122 P5:205 P6:135 P7:205 
[HEARTBEAT] SimTick: 210 | NetHead: 209 | Confirmed: 122 | Missing: 88 | StateHash: 0x7DADB4B9
[DIAGNOSTIC] Peer Ticks: P1:209 P2:209 P3:209 P4:122 P5:205 P6:135 P7:205 
[HEARTBEAT] SimTick: 210 | NetHead: 209 | Confirmed: 122 | Missing: 88 | StateHash: 0x7DADB4B9
[DIAGNOSTIC] Peer Ticks: P1:209 P2:209 P3:209 P4:122 P5:205 P6:135 P7:205 
[HEARTBEAT] SimTick: 210 | NetHead: 209 | Confirmed: 122 | Missing: 88 | StateHash: 0x7DADB4B9
[DIAGNOSTIC] Peer Ticks: P1:209 P2:209 P3:209 P4:122 P5:205 P6:135 P7:205 
[HEARTBEAT] SimTick: 210 | NetHead: 209 | Confirmed: 122 | Missing: 88 | StateHash: 0x7DADB4B9
[DIAGNOSTIC] Peer Ticks: P1:209 P2:209 P3:209 P4:122 P5:205 P6:135 P7:205 
[HEARTBEAT] SimTick: 210 | NetHead: 209 | Confirmed: 122 | Missing: 88 | StateHash: 0x7DADB4B9
[DIAGNOSTIC] Peer Ticks: P1:209 P2:209 P3:209 P4:122 P5:205 P6:135 P7:205 
[HEARTBEAT] SimTick: 210 | NetHead: 209 | Confirmed: 122 | Missing: 88 | StateHash: 0x7DADB4B9
[DIAGNOSTIC] Peer Ticks: P1:209 P2:209 P3:209 P4:122 P5:205 P6:135 P7:205 
[HEARTBEAT] SimTick: 210 | NetHead: 209 | Confirmed: 122 | Missing: 88 | StateHash: 0x7DADB4B9
[DIAGNOSTIC] Peer Ticks: P1:209 P2:209 P3:209 P4:122 P5:205 P6:135 P7:205 
[HEARTBEAT] SimTick: 210 | NetHead: 209 | Confirmed: 122 | Missing: 88 | StateHash: 0x7DADB4B9
[DIAGNOSTIC] Peer Ticks: P1:209 P2:209 P3:209 P4:122 P5:205 P6:135 P7:205 
[HEARTBEAT] SimTick: 210 | NetHead: 209 | Confirmed: 122 | Missing: 88 | StateHash: 0x7DADB4B9
[DIAGNOSTIC] Peer Ticks: P1:209 P2:209 P3:209 P4:122 P5:205 P6:135 P7:205 
[HEARTBEAT] SimTick: 210 | NetHead: 209 | Confirmed: 122 | Missing: 88 | StateHash: 0x7DADB4B9
[DIAGNOSTIC] Peer Ticks: P1:209 P2:209 P3:209 P4:122 P5:205 P6:135 P7:205 
[HEARTBEAT] SimTick: 210 | NetHead: 209 | Confirmed: 122 | Missing: 88 | StateHash: 0x7DADB4B9
[DIAGNOSTIC] Peer Ticks: P1:209 P2:209 P3:209 P4:122 P5:205 P6:135 P7:205 
[HEARTBEAT] SimTick: 210 | NetHead: 209 | Confirmed: 122 | Missing: 88 | StateHash: 0x7DADB4B9
[DIAGNOSTIC] Peer Ticks: P1:209 P2:209 P3:209 P4:122 P5:205 P6:135 P7:205 
[HEARTBEAT] SimTick: 210 | NetHead: 209 | Confirmed: 122 | Missing: 88 | StateHash: 0x7DADB4B9
[DIAGNOSTIC] Peer Ticks: P1:209 P2:209 P3:209 P4:122 P5:205 P6:135 P7:205 
[HEARTBEAT] SimTick: 210 | NetHead: 209 | Confirmed: 122 | Missing: 88 | StateHash: 0x7DADB4B9
[DIAGNOSTIC] Peer Ticks: P1:209 P2:209 P3:209 P4:122 P5:205 P6:135 P7:205 
[HEARTBEAT] SimTick: 210 | NetHead: 209 | Confirmed: 122 | Missing: 88 | StateHash: 0x7DADB4B9
[DIAGNOSTIC] Peer Ticks: P1:209 P2:209 P3:209 P4:122 P5:205 P6:135 P7:205 
[HEARTBEAT] SimTick: 210 | NetHead: 209 | Confirmed: 122 | Missing: 88 | StateHash: 0x7DADB4B9
[DIAGNOSTIC] Peer Ticks: P1:209 P2:209 P3:209 P4:122 P5:205 P6:135 P7:205 
[HEARTBEAT] SimTick: 210 | NetHead: 209 | Confirmed: 122 | Missing: 88 | StateHash: 0x7DADB4B9
[DIAGNOSTIC] Peer Ticks: P1:209 P2:209 P3:209 P4:122 P5:205 P6:135 P7:205 
[HEARTBEAT] SimTick: 210 | NetHead: 209 | Confirmed: 122 | Missing: 88 | StateHash: 0x7DADB4B9
[DIAGNOSTIC] Peer Ticks: P1:209 P2:209 P3:209 P4:122 P5:205 P6:135 P7:205 
[HEARTBEAT] SimTick: 210 | NetHead: 209 | Confirmed: 122 | Missing: 88 | StateHash: 0x7DADB4B9
[DIAGNOSTIC] Peer Ticks: P1:209 P2:209 P3:209 P4:122 P5:205 P6:135 P7:205 
[HEARTBEAT] SimTick: 210 | NetHead: 209 | Confirmed: 122 | Missing: 88 | StateHash: 0x7DADB4B9
[DIAGNOSTIC] Peer Ticks: P1:209 P2:209 P3:209 P4:122 P5:205 P6:135 P7:205 
[HEARTBEAT] SimTick: 210 | NetHead: 209 | Confirmed: 122 | Missing: 88 | StateHash: 0x7DADB4B9
[DIAGNOSTIC] Peer Ticks: P1:209 P2:209 P3:209 P4:122 P5:205 P6:135 P7:205 
[HEARTBEAT] SimTick: 210 | NetHead: 209 | Confirmed: 122 | Missing: 88 | StateHash: 0x7DADB4B9
[DIAGNOSTIC] Peer Ticks: P1:209 P2:209 P3:209 P4:122 P5:205 P6:135 P7:205 
[HEARTBEAT] SimTick: 210 | NetHead: 209 | Confirmed: 122 | Missing: 88 | StateHash: 0x7DADB4B9
[DIAGNOSTIC] Peer Ticks: P1:209 P2:209 P3:209 P4:122 P5:205 P6:135 P7:205 
[HEARTBEAT] SimTick: 210 | NetHead: 209 | Confirmed: 122 | Missing: 88 | StateHash: 0x7DADB4B9
[DIAGNOSTIC] Peer Ticks: P1:209 P2:209 P3:209 P4:122 P5:205 P6:135 P7:205 
[HEARTBEAT] SimTick: 210 | NetHead: 209 | Confirmed: 122 | Missing: 88 | StateHash: 0x7DADB4B9
[DIAGNOSTIC] Peer Ticks: P1:209 P2:209 P3:209 P4:122 P5:205 P6:135 P7:205 
[HEARTBEAT] SimTick: 210 | NetHead: 209 | Confirmed: 122 | Missing: 88 | StateHash: 0x7DADB4B9
[DIAGNOSTIC] Peer Ticks: P1:209 P2:209 P3:209 P4:122 P5:205 P6:135 P7:205 
[HEARTBEAT] SimTick: 210 | NetHead: 209 | Confirmed: 122 | Missing: 88 | StateHash: 0x7DADB4B9
[DIAGNOSTIC] Peer Ticks: P1:209 P2:209 P3:209 P4:122 P5:205 P6:135 P7:205 
[HEARTBEAT] SimTick: 210 | NetHead: 209 | Confirmed: 122 | Missing: 88 | StateHash: 0x7DADB4B9
[DIAGNOSTIC] Peer Ticks: P1:209 P2:209 P3:209 P4:122 P5:205 P6:135 P7:205 
[HEARTBEAT] SimTick: 210 | NetHead: 209 | Confirmed: 122 | Missing: 88 | StateHash: 0x7DADB4B9
[DIAGNOSTIC] Peer Ticks: P1:209 P2:209 P3:209 P4:122 P5:205 P6:135 P7:205 
[HEARTBEAT] SimTick: 210 | NetHead: 209 | Confirmed: 122 | Missing: 88 | StateHash: 0x7DADB4B9
[DIAGNOSTIC] Peer Ticks: P1:209 P2:209 P3:209 P4:122 P5:205 P6:135 P7:205 
[HEARTBEAT] SimTick: 210 | NetHead: 209 | Confirmed: 122 | Missing: 88 | StateHash: 0x7DADB4B9
[DIAGNOSTIC] Peer Ticks: P1:209 P2:209 P3:209 P4:122 P5:205 P6:135 P7:205 
[HEARTBEAT] SimTick: 210 | NetHead: 209 | Confirmed: 122 | Missing: 88 | StateHash: 0x7DADB4B9
[DIAGNOSTIC] Peer Ticks: P1:209 P2:209 P3:209 P4:122 P5:205 P6:135 P7:205 
[HEARTBEAT] SimTick: 210 | NetHead: 209 | Confirmed: 122 | Missing: 88 | StateHash: 0x7DADB4B9
[DIAGNOSTIC] Peer Ticks: P1:209 P2:209 P3:209 P4:122 P5:205 P6:135 P7:205 
[HEARTBEAT] SimTick: 210 | NetHead: 209 | Confirmed: 122 | Missing: 88 | StateHash: 0x7DADB4B9
[DIAGNOSTIC] Peer Ticks: P1:209 P2:209 P3:209 P4:122 P5:205 P6:135 P7:205 
[HEARTBEAT] SimTick: 210 | NetHead: 209 | Confirmed: 122 | Missing: 88 | StateHash: 0x7DADB4B9
[DIAGNOSTIC] Peer Ticks: P1:209 P2:209 P3:209 P4:122 P5:205 P6:135 P7:205 
[HEARTBEAT] SimTick: 210 | NetHead: 209 | Confirmed: 122 | Missing: 88 | StateHash: 0x7DADB4B9
[DIAGNOSTIC] Peer Ticks: P1:209 P2:209 P3:209 P4:122 P5:205 P6:135 P7:205 
[HEARTBEAT] SimTick: 210 | NetHead: 209 | Confirmed: 122 | Missing: 88 | StateHash: 0x7DADB4B9
[DIAGNOSTIC] Peer Ticks: P1:209 P2:209 P3:209 P4:122 P5:205 P6:135 P7:205 
[HEARTBEAT] SimTick: 210 | NetHead: 209 | Confirmed: 122 | Missing: 88 | StateHash: 0x7DADB4B9
[DIAGNOSTIC] Peer Ticks: P1:209 P2:209 P3:209 P4:122 P5:205 P6:135 P7:205 
[HEARTBEAT] SimTick: 210 | NetHead: 209 | Confirmed: 122 | Missing: 88 | StateHash: 0x7DADB4B9
[DIAGNOSTIC] Peer Ticks: P1:209 P2:209 P3:209 P4:122 P5:205 P6:135 P7:205 
[HEARTBEAT] SimTick: 210 | NetHead: 209 | Confirmed: 122 | Missing: 88 | StateHash: 0x7DADB4B9
[DIAGNOSTIC] Peer Ticks: P1:209 P2:209 P3:209 P4:122 P5:205 P6:135 P7:205 
[HEARTBEAT] SimTick: 210 | NetHead: 209 | Confirmed: 122 | Missing: 88 | StateHash: 0x7DADB4B9
[DIAGNOSTIC] Peer Ticks: P1:209 P2:209 P3:209 P4:122 P5:205 P6:135 P7:205 
[HEARTBEAT] SimTick: 210 | NetHead: 209 | Confirmed: 122 | Missing: 88 | StateHash: 0x7DADB4B9
[DIAGNOSTIC] Peer Ticks: P1:209 P2:209 P3:209 P4:122 P5:205 P6:135 P7:205 
[HEARTBEAT] SimTick: 210 | NetHead: 209 | Confirmed: 122 | Missing: 88 | StateHash: 0x7DADB4B9
[DIAGNOSTIC] Peer Ticks: P1:209 P2:209 P3:209 P4:122 P5:205 P6:135 P7:205 
[HEARTBEAT] SimTick: 210 | NetHead: 209 | Confirmed: 122 | Missing: 88 | StateHash: 0x7DADB4B9
[DIAGNOSTIC] Peer Ticks: P1:209 P2:209 P3:209 P4:122 P5:205 P6:135 P7:205 
[HEARTBEAT] SimTick: 210 | NetHead: 209 | Confirmed: 122 | Missing: 88 | StateHash: 0x7DADB4B9
[DIAGNOSTIC] Peer Ticks: P1:209 P2:209 P3:209 P4:122 P5:205 P6:135 P7:205 
[HEARTBEAT] SimTick: 210 | NetHead: 209 | Confirmed: 122 | Missing: 88 | StateHash: 0x7DADB4B9
[DIAGNOSTIC] Peer Ticks: P1:209 P2:209 P3:209 P4:122 P5:205 P6:135 P7:205 
[HEARTBEAT] SimTick: 210 | NetHead: 209 | Confirmed: 122 | Missing: 88 | StateHash: 0x7DADB4B9
[DIAGNOSTIC] Peer Ticks: P1:209 P2:209 P3:209 P4:122 P5:205 P6:135 P7:205 
[HEARTBEAT] SimTick: 210 | NetHead: 209 | Confirmed: 122 | Missing: 88 | StateHash: 0x7DADB4B9
[DIAGNOSTIC] Peer Ticks: P1:209 P2:209 P3:209 P4:122 P5:205 P6:135 P7:205 
[HEARTBEAT] SimTick: 210 | NetHead: 209 | Confirmed: 122 | Missing: 88 | StateHash: 0x7DADB4B9
[DIAGNOSTIC] Peer Ticks: P1:209 P2:209 P3:209 P4:122 P5:205 P6:135 P7:205 
[HEARTBEAT] SimTick: 210 | NetHead: 209 | Confirmed: 122 | Missing: 88 | StateHash: 0x7DADB4B9
[DIAGNOSTIC] Peer Ticks: P1:209 P2:209 P3:209 P4:122 P5:205 P6:135 P7:205 
[HEARTBEAT] SimTick: 210 | NetHead: 209 | Confirmed: 122 | Missing: 88 | StateHash: 0x7DADB4B9
[DIAGNOSTIC] Peer Ticks: P1:209 P2:209 P3:209 P4:122 P5:205 P6:135 P7:205 
[HEARTBEAT] SimTick: 210 | NetHead: 209 | Confirmed: 122 | Missing: 88 | StateHash: 0x7DADB4B9
[DIAGNOSTIC] Peer Ticks: P1:209 P2:209 P3:209 P4:122 P5:205 P6:135 P7:205 
[HEARTBEAT] SimTick: 210 | NetHead: 209 | Confirmed: 122 | Missing: 88 | StateHash: 0x7DADB4B9
[DIAGNOSTIC] Peer Ticks: P1:209 P2:209 P3:209 P4:122 P5:205 P6:135 P7:205 
[HEARTBEAT] SimTick: 210 | NetHead: 209 | Confirmed: 122 | Missing: 88 | StateHash: 0x7DADB4B9
[DIAGNOSTIC] Peer Ticks: P1:209 P2:209 P3:209 P4:122 P5:205 P6:135 P7:205 
[HEARTBEAT] SimTick: 210 | NetHead: 209 | Confirmed: 122 | Missing: 88 | StateHash: 0x7DADB4B9
[DIAGNOSTIC] Peer Ticks: P1:209 P2:209 P3:209 P4:122 P5:205 P6:135 P7:205 
[HEARTBEAT] SimTick: 210 | NetHead: 209 | Confirmed: 122 | Missing: 88 | StateHash: 0x7DADB4B9
[DIAGNOSTIC] Peer Ticks: P1:209 P2:209 P3:209 P4:122 P5:205 P6:135 P7:205 
[HEARTBEAT] SimTick: 210 | NetHead: 209 | Confirmed: 122 | Missing: 88 | StateHash: 0x7DADB4B9
[DIAGNOSTIC] Peer Ticks: P1:209 P2:209 P3:209 P4:122 P5:205 P6:135 P7:205 
[HEARTBEAT] SimTick: 210 | NetHead: 209 | Confirmed: 122 | Missing: 88 | StateHash: 0x7DADB4B9
[DIAGNOSTIC] Peer Ticks: P1:209 P2:209 P3:209 P4:122 P5:205 P6:135 P7:205 
[HEARTBEAT] SimTick: 210 | NetHead: 209 | Confirmed: 122 | Missing: 88 | StateHash: 0x7DADB4B9
[DIAGNOSTIC] Peer Ticks: P1:209 P2:209 P3:209 P4:122 P5:205 P6:135 P7:205 
[HEARTBEAT] SimTick: 210 | NetHead: 209 | Confirmed: 122 | Missing: 88 | StateHash: 0x7DADB4B9
[DIAGNOSTIC] Peer Ticks: P1:209 P2:209 P3:209 P4:122 P5:205 P6:135 P7:205 
[HEARTBEAT] SimTick: 210 | NetHead: 209 | Confirmed: 122 | Missing: 88 | StateHash: 0x7DADB4B9
[DIAGNOSTIC] Peer Ticks: P1:209 P2:209 P3:209 P4:122 P5:205 P6:135 P7:205 
[HEARTBEAT] SimTick: 210 | NetHead: 209 | Confirmed: 122 | Missing: 88 | StateHash: 0x7DADB4B9
[DIAGNOSTIC] Peer Ticks: P1:209 P2:209 P3:209 P4:122 P5:205 P6:135 P7:205 
[HEARTBEAT] SimTick: 210 | NetHead: 209 | Confirmed: 122 | Missing: 88 | StateHash: 0x7DADB4B9
[DIAGNOSTIC] Peer Ticks: P1:209 P2:209 P3:209 P4:122 P5:205 P6:135 P7:205 
[HEARTBEAT] SimTick: 210 | NetHead: 209 | Confirmed: 122 | Missing: 88 | StateHash: 0x7DADB4B9
[DIAGNOSTIC] Peer Ticks: P1:209 P2:209 P3:209 P4:122 P5:205 P6:135 P7:205 
[HEARTBEAT] SimTick: 210 | NetHead: 209 | Confirmed: 122 | Missing: 88 | StateHash: 0x7DADB4B9
C:\msys64\mingw64\bin\luajit: interrupted!
stack traceback:
	[C]: in function 'print'
	main.lua:382: in main chunk
	[C]: at 0x7ff7c4322040
